mode: set
github.com/taihen/mcp-ripestat/cmd/mcp-ripestat/main.go:28.13,34.22 5 0
github.com/taihen/mcp-ripestat/cmd/mcp-ripestat/main.go:34.22,38.3 3 0
github.com/taihen/mcp-ripestat/cmd/mcp-ripestat/main.go:40.2,42.11 2 0
github.com/taihen/mcp-ripestat/cmd/mcp-ripestat/main.go:42.11,45.3 2 0
github.com/taihen/mcp-ripestat/cmd/mcp-ripestat/main.go:47.2,47.18 1 0
github.com/taihen/mcp-ripestat/cmd/mcp-ripestat/main.go:47.18,50.3 2 0
github.com/taihen/mcp-ripestat/cmd/mcp-ripestat/main.go:52.2,53.12 2 0
github.com/taihen/mcp-ripestat/cmd/mcp-ripestat/main.go:53.12,55.3 1 0
github.com/taihen/mcp-ripestat/cmd/mcp-ripestat/main.go:57.2,61.57 3 0
github.com/taihen/mcp-ripestat/cmd/mcp-ripestat/main.go:61.57,64.3 2 0
github.com/taihen/mcp-ripestat/cmd/mcp-ripestat/main.go:67.50,75.70 4 1
github.com/taihen/mcp-ripestat/cmd/mcp-ripestat/main.go:75.70,77.3 1 0
github.com/taihen/mcp-ripestat/cmd/mcp-ripestat/main.go:79.2,79.96 1 1
github.com/taihen/mcp-ripestat/cmd/mcp-ripestat/main.go:79.96,81.3 1 0
github.com/taihen/mcp-ripestat/cmd/mcp-ripestat/main.go:84.2,87.73 2 1
github.com/taihen/mcp-ripestat/cmd/mcp-ripestat/main.go:87.73,89.3 1 0
github.com/taihen/mcp-ripestat/cmd/mcp-ripestat/main.go:92.2,103.12 5 1
github.com/taihen/mcp-ripestat/cmd/mcp-ripestat/main.go:103.12,107.58 3 1
github.com/taihen/mcp-ripestat/cmd/mcp-ripestat/main.go:107.58,109.4 1 1
github.com/taihen/mcp-ripestat/cmd/mcp-ripestat/main.go:113.2,116.9 3 1
github.com/taihen/mcp-ripestat/cmd/mcp-ripestat/main.go:117.14,118.39 1 0
github.com/taihen/mcp-ripestat/cmd/mcp-ripestat/main.go:119.20,120.67 1 1
github.com/taihen/mcp-ripestat/cmd/mcp-ripestat/main.go:123.2,126.53 3 1
github.com/taihen/mcp-ripestat/cmd/mcp-ripestat/main.go:126.53,128.3 1 0
github.com/taihen/mcp-ripestat/cmd/mcp-ripestat/main.go:130.2,132.12 2 1
github.com/taihen/mcp-ripestat/cmd/mcp-ripestat/main.go:163.62,174.2 4 1
github.com/taihen/mcp-ripestat/cmd/mcp-ripestat/main.go:177.77,180.27 3 1
github.com/taihen/mcp-ripestat/cmd/mcp-ripestat/main.go:180.27,182.3 1 1
github.com/taihen/mcp-ripestat/cmd/mcp-ripestat/main.go:184.2,190.29 3 1
github.com/taihen/mcp-ripestat/cmd/mcp-ripestat/main.go:190.29,194.3 3 1
github.com/taihen/mcp-ripestat/cmd/mcp-ripestat/main.go:197.2,199.18 2 1
github.com/taihen/mcp-ripestat/cmd/mcp-ripestat/main.go:200.22,202.26 1 1
github.com/taihen/mcp-ripestat/cmd/mcp-ripestat/main.go:203.26,205.26 1 1
github.com/taihen/mcp-ripestat/cmd/mcp-ripestat/main.go:206.23,208.19 1 1
github.com/taihen/mcp-ripestat/cmd/mcp-ripestat/main.go:208.19,211.4 2 1
github.com/taihen/mcp-ripestat/cmd/mcp-ripestat/main.go:214.2,216.22 2 1
github.com/taihen/mcp-ripestat/cmd/mcp-ripestat/main.go:216.22,219.36 2 1
github.com/taihen/mcp-ripestat/cmd/mcp-ripestat/main.go:219.36,221.4 1 0
github.com/taihen/mcp-ripestat/cmd/mcp-ripestat/main.go:224.3,228.19 3 1
github.com/taihen/mcp-ripestat/cmd/mcp-ripestat/main.go:229.24,231.45 2 1
github.com/taihen/mcp-ripestat/cmd/mcp-ripestat/main.go:232.23,234.43 2 1
github.com/taihen/mcp-ripestat/cmd/mcp-ripestat/main.go:235.27,237.20 2 1
github.com/taihen/mcp-ripestat/cmd/mcp-ripestat/main.go:238.11,239.68 1 0
github.com/taihen/mcp-ripestat/cmd/mcp-ripestat/main.go:241.8,244.34 2 1
github.com/taihen/mcp-ripestat/cmd/mcp-ripestat/main.go:244.34,247.4 2 1
github.com/taihen/mcp-ripestat/cmd/mcp-ripestat/main.go:248.3,248.37 1 1
github.com/taihen/mcp-ripestat/cmd/mcp-ripestat/main.go:253.74,255.52 1 1
github.com/taihen/mcp-ripestat/cmd/mcp-ripestat/main.go:255.52,256.29 1 1
github.com/taihen/mcp-ripestat/cmd/mcp-ripestat/main.go:256.29,260.4 3 1
github.com/taihen/mcp-ripestat/cmd/mcp-ripestat/main.go:261.3,261.56 1 1
github.com/taihen/mcp-ripestat/cmd/mcp-ripestat/main.go:265.2,266.27 2 1
github.com/taihen/mcp-ripestat/cmd/mcp-ripestat/main.go:266.27,268.3 1 1
github.com/taihen/mcp-ripestat/cmd/mcp-ripestat/main.go:269.2,269.50 1 1
github.com/taihen/mcp-ripestat/cmd/mcp-ripestat/main.go:269.50,273.3 3 1
github.com/taihen/mcp-ripestat/cmd/mcp-ripestat/main.go:274.2,276.13 2 1
github.com/taihen/mcp-ripestat/cmd/mcp-ripestat/main.go:280.40,291.41 2 1
github.com/taihen/mcp-ripestat/cmd/mcp-ripestat/main.go:291.41,292.41 1 1
github.com/taihen/mcp-ripestat/cmd/mcp-ripestat/main.go:292.41,294.4 1 1
github.com/taihen/mcp-ripestat/cmd/mcp-ripestat/main.go:297.2,297.14 1 1
github.com/taihen/mcp-ripestat/cmd/mcp-ripestat/main.go:301.54,307.46 2 1
github.com/taihen/mcp-ripestat/cmd/mcp-ripestat/main.go:307.46,308.27 1 1
github.com/taihen/mcp-ripestat/cmd/mcp-ripestat/main.go:308.27,310.4 1 1
github.com/taihen/mcp-ripestat/cmd/mcp-ripestat/main.go:313.2,313.14 1 1
github.com/taihen/mcp-ripestat/cmd/mcp-ripestat/main.go:317.72,319.21 2 1
github.com/taihen/mcp-ripestat/cmd/mcp-ripestat/main.go:319.21,322.3 2 1
github.com/taihen/mcp-ripestat/cmd/mcp-ripestat/main.go:323.2,323.18 1 1
github.com/taihen/mcp-ripestat/cmd/mcp-ripestat/main.go:327.33,329.44 2 1
github.com/taihen/mcp-ripestat/cmd/mcp-ripestat/main.go:329.44,332.3 1 0
github.com/taihen/mcp-ripestat/cmd/mcp-ripestat/main.go:333.2,333.34 1 1
github.com/taihen/mcp-ripestat/cmd/mcp-ripestat/main.go:337.101,339.16 2 1
github.com/taihen/mcp-ripestat/cmd/mcp-ripestat/main.go:339.16,343.3 3 1
github.com/taihen/mcp-ripestat/cmd/mcp-ripestat/main.go:344.2,355.16 7 1
github.com/taihen/mcp-ripestat/cmd/mcp-ripestat/main.go:355.16,359.3 3 0
github.com/taihen/mcp-ripestat/cmd/mcp-ripestat/main.go:362.2,362.21 1 1
github.com/taihen/mcp-ripestat/cmd/mcp-ripestat/main.go:362.21,365.3 2 1
github.com/taihen/mcp-ripestat/cmd/mcp-ripestat/main.go:367.2,370.60 3 1
github.com/taihen/mcp-ripestat/cmd/mcp-ripestat/main.go:370.60,372.3 1 0
github.com/taihen/mcp-ripestat/cmd/mcp-ripestat/main.go:376.99,381.31 3 1
github.com/taihen/mcp-ripestat/cmd/mcp-ripestat/main.go:381.31,405.61 5 1
github.com/taihen/mcp-ripestat/cmd/mcp-ripestat/main.go:405.61,407.4 1 0
github.com/taihen/mcp-ripestat/cmd/mcp-ripestat/main.go:408.3,408.9 1 1
github.com/taihen/mcp-ripestat/cmd/mcp-ripestat/main.go:412.2,413.16 2 0
github.com/taihen/mcp-ripestat/cmd/mcp-ripestat/main.go:413.16,417.3 3 0
github.com/taihen/mcp-ripestat/cmd/mcp-ripestat/main.go:420.2,428.16 6 0
github.com/taihen/mcp-ripestat/cmd/mcp-ripestat/main.go:428.16,432.3 3 0
github.com/taihen/mcp-ripestat/cmd/mcp-ripestat/main.go:435.2,435.21 1 0
github.com/taihen/mcp-ripestat/cmd/mcp-ripestat/main.go:435.21,438.3 2 0
github.com/taihen/mcp-ripestat/cmd/mcp-ripestat/main.go:440.2,443.60 3 0
github.com/taihen/mcp-ripestat/cmd/mcp-ripestat/main.go:443.60,445.3 1 0
github.com/taihen/mcp-ripestat/cmd/mcp-ripestat/main.go:449.57,451.43 2 1
github.com/taihen/mcp-ripestat/cmd/mcp-ripestat/main.go:451.43,453.3 1 1
github.com/taihen/mcp-ripestat/cmd/mcp-ripestat/main.go:455.2,459.30 4 1
github.com/taihen/mcp-ripestat/cmd/mcp-ripestat/main.go:462.70,467.16 4 1
github.com/taihen/mcp-ripestat/cmd/mcp-ripestat/main.go:467.16,469.3 1 1
github.com/taihen/mcp-ripestat/cmd/mcp-ripestat/main.go:472.76,474.2 1 1
github.com/taihen/mcp-ripestat/cmd/mcp-ripestat/main.go:476.60,483.17 3 1
github.com/taihen/mcp-ripestat/cmd/mcp-ripestat/main.go:483.17,485.3 1 0
github.com/taihen/mcp-ripestat/cmd/mcp-ripestat/main.go:488.81,498.17 3 1
github.com/taihen/mcp-ripestat/cmd/mcp-ripestat/main.go:498.17,500.3 1 0
github.com/taihen/mcp-ripestat/cmd/mcp-ripestat/main.go:504.64,507.2 1 1
github.com/taihen/mcp-ripestat/cmd/mcp-ripestat/main.go:510.88,514.43 2 1
github.com/taihen/mcp-ripestat/cmd/mcp-ripestat/main.go:514.43,518.3 3 1
github.com/taihen/mcp-ripestat/cmd/mcp-ripestat/main.go:521.2,521.36 1 1
github.com/taihen/mcp-ripestat/cmd/mcp-ripestat/main.go:521.36,524.3 2 0
github.com/taihen/mcp-ripestat/cmd/mcp-ripestat/main.go:527.2,527.33 1 1
github.com/taihen/mcp-ripestat/cmd/mcp-ripestat/main.go:527.33,530.3 2 0
github.com/taihen/mcp-ripestat/cmd/mcp-ripestat/main.go:533.2,533.38 1 1
github.com/taihen/mcp-ripestat/cmd/mcp-ripestat/main.go:537.89,539.16 2 1
github.com/taihen/mcp-ripestat/cmd/mcp-ripestat/main.go:539.16,543.3 3 0
github.com/taihen/mcp-ripestat/cmd/mcp-ripestat/main.go:544.2,554.16 6 1
github.com/taihen/mcp-ripestat/cmd/mcp-ripestat/main.go:554.16,558.3 3 0
github.com/taihen/mcp-ripestat/cmd/mcp-ripestat/main.go:561.2,561.21 1 1
github.com/taihen/mcp-ripestat/cmd/mcp-ripestat/main.go:561.21,564.3 2 1
github.com/taihen/mcp-ripestat/cmd/mcp-ripestat/main.go:566.2,569.60 3 0
github.com/taihen/mcp-ripestat/cmd/mcp-ripestat/main.go:569.60,571.3 1 0
github.com/taihen/mcp-ripestat/cmd/mcp-ripestat/main.go:574.61,579.59 4 0
github.com/taihen/mcp-ripestat/cmd/mcp-ripestat/main.go:579.59,581.3 1 0
github.com/taihen/mcp-ripestat/internal/ripestat/announcedprefixes/announcedprefixes.go:24.42,25.14 1 1
github.com/taihen/mcp-ripestat/internal/ripestat/announcedprefixes/announcedprefixes.go:25.14,27.3 1 1
github.com/taihen/mcp-ripestat/internal/ripestat/announcedprefixes/announcedprefixes.go:29.2,29.27 1 1
github.com/taihen/mcp-ripestat/internal/ripestat/announcedprefixes/announcedprefixes.go:33.30,35.2 1 1
github.com/taihen/mcp-ripestat/internal/ripestat/announcedprefixes/announcedprefixes.go:38.79,39.20 1 1
github.com/taihen/mcp-ripestat/internal/ripestat/announcedprefixes/announcedprefixes.go:39.20,41.3 1 1
github.com/taihen/mcp-ripestat/internal/ripestat/announcedprefixes/announcedprefixes.go:43.2,47.79 4 1
github.com/taihen/mcp-ripestat/internal/ripestat/announcedprefixes/announcedprefixes.go:47.79,49.3 1 1
github.com/taihen/mcp-ripestat/internal/ripestat/announcedprefixes/announcedprefixes.go:51.2,51.23 1 1
github.com/taihen/mcp-ripestat/internal/ripestat/announcedprefixes/announcedprefixes.go:55.84,57.2 1 1
github.com/taihen/mcp-ripestat/internal/ripestat/bgplay/bgplay.go:18.36,20.2 1 1
github.com/taihen/mcp-ripestat/internal/ripestat/bgplay/bgplay.go:24.79,25.20 1 1
github.com/taihen/mcp-ripestat/internal/ripestat/bgplay/bgplay.go:25.20,27.3 1 1
github.com/taihen/mcp-ripestat/internal/ripestat/bgplay/bgplay.go:29.2,35.75 5 1
github.com/taihen/mcp-ripestat/internal/ripestat/bgplay/bgplay.go:35.75,37.3 1 1
github.com/taihen/mcp-ripestat/internal/ripestat/bgplay/bgplay.go:39.2,39.23 1 1
github.com/taihen/mcp-ripestat/internal/ripestat/bgplay/bgplay.go:43.30,45.2 1 1
github.com/taihen/mcp-ripestat/internal/ripestat/bgplay/bgplay.go:48.73,50.2 1 1
github.com/taihen/mcp-ripestat/internal/ripestat/abusecontactfinder/abusecontactfinder.go:24.42,25.14 1 1
github.com/taihen/mcp-ripestat/internal/ripestat/abusecontactfinder/abusecontactfinder.go:25.14,27.3 1 1
github.com/taihen/mcp-ripestat/internal/ripestat/abusecontactfinder/abusecontactfinder.go:29.2,29.27 1 1
github.com/taihen/mcp-ripestat/internal/ripestat/abusecontactfinder/abusecontactfinder.go:33.30,35.2 1 1
github.com/taihen/mcp-ripestat/internal/ripestat/abusecontactfinder/abusecontactfinder.go:38.82,39.20 1 1
github.com/taihen/mcp-ripestat/internal/ripestat/abusecontactfinder/abusecontactfinder.go:39.20,41.3 1 1
github.com/taihen/mcp-ripestat/internal/ripestat/abusecontactfinder/abusecontactfinder.go:43.2,47.79 4 1
github.com/taihen/mcp-ripestat/internal/ripestat/abusecontactfinder/abusecontactfinder.go:47.79,49.3 1 1
github.com/taihen/mcp-ripestat/internal/ripestat/abusecontactfinder/abusecontactfinder.go:52.2,58.33 2 1
github.com/taihen/mcp-ripestat/internal/ripestat/abusecontactfinder/abusecontactfinder.go:58.33,60.3 1 1
github.com/taihen/mcp-ripestat/internal/ripestat/abusecontactfinder/abusecontactfinder.go:62.2,62.25 1 1
github.com/taihen/mcp-ripestat/internal/ripestat/abusecontactfinder/abusecontactfinder.go:66.88,68.2 1 1
github.com/taihen/mcp-ripestat/internal/ripestat/asnneighbours/asnneighbours.go:44.42,45.14 1 1
github.com/taihen/mcp-ripestat/internal/ripestat/asnneighbours/asnneighbours.go:45.14,47.3 1 1
github.com/taihen/mcp-ripestat/internal/ripestat/asnneighbours/asnneighbours.go:49.2,52.3 1 1
github.com/taihen/mcp-ripestat/internal/ripestat/asnneighbours/asnneighbours.go:56.30,58.2 1 1
github.com/taihen/mcp-ripestat/internal/ripestat/asnneighbours/asnneighbours.go:61.109,62.20 1 1
github.com/taihen/mcp-ripestat/internal/ripestat/asnneighbours/asnneighbours.go:62.20,64.3 1 1
github.com/taihen/mcp-ripestat/internal/ripestat/asnneighbours/asnneighbours.go:66.2,66.24 1 1
github.com/taihen/mcp-ripestat/internal/ripestat/asnneighbours/asnneighbours.go:66.24,68.3 1 1
github.com/taihen/mcp-ripestat/internal/ripestat/asnneighbours/asnneighbours.go:71.2,77.47 2 1
github.com/taihen/mcp-ripestat/internal/ripestat/asnneighbours/asnneighbours.go:77.47,79.3 1 1
github.com/taihen/mcp-ripestat/internal/ripestat/asnneighbours/asnneighbours.go:81.2,85.21 4 1
github.com/taihen/mcp-ripestat/internal/ripestat/asnneighbours/asnneighbours.go:85.21,87.3 1 1
github.com/taihen/mcp-ripestat/internal/ripestat/asnneighbours/asnneighbours.go:89.2,90.79 2 1
github.com/taihen/mcp-ripestat/internal/ripestat/asnneighbours/asnneighbours.go:90.79,92.3 1 1
github.com/taihen/mcp-ripestat/internal/ripestat/asnneighbours/asnneighbours.go:95.2,104.35 2 1
github.com/taihen/mcp-ripestat/internal/ripestat/asnneighbours/asnneighbours.go:104.35,106.3 1 1
github.com/taihen/mcp-ripestat/internal/ripestat/asnneighbours/asnneighbours.go:109.2,111.25 2 1
github.com/taihen/mcp-ripestat/internal/ripestat/asnneighbours/asnneighbours.go:115.55,120.13 4 1
github.com/taihen/mcp-ripestat/internal/ripestat/asnneighbours/asnneighbours.go:120.13,122.3 1 1
github.com/taihen/mcp-ripestat/internal/ripestat/asnneighbours/asnneighbours.go:125.2,125.44 1 1
github.com/taihen/mcp-ripestat/internal/ripestat/asnneighbours/asnneighbours.go:125.44,129.3 2 1
github.com/taihen/mcp-ripestat/internal/ripestat/asnneighbours/asnneighbours.go:131.2,131.23 1 1
github.com/taihen/mcp-ripestat/internal/ripestat/asnneighbours/asnneighbours.go:135.65,143.2 3 1
github.com/taihen/mcp-ripestat/internal/ripestat/asnneighbours/asnneighbours.go:146.38,151.34 4 1
github.com/taihen/mcp-ripestat/internal/ripestat/asnneighbours/asnneighbours.go:151.34,152.42 1 1
github.com/taihen/mcp-ripestat/internal/ripestat/asnneighbours/asnneighbours.go:152.42,154.4 1 1
github.com/taihen/mcp-ripestat/internal/ripestat/asnneighbours/asnneighbours.go:159.110,161.2 1 1
github.com/taihen/mcp-ripestat/internal/ripestat/cache/cache.go:46.19,48.2 1 1
github.com/taihen/mcp-ripestat/internal/ripestat/cache/cache.go:51.56,55.2 1 1
github.com/taihen/mcp-ripestat/internal/ripestat/cache/cache.go:58.61,61.21 2 1
github.com/taihen/mcp-ripestat/internal/ripestat/cache/cache.go:61.21,63.3 1 1
github.com/taihen/mcp-ripestat/internal/ripestat/cache/cache.go:66.2,67.36 2 1
github.com/taihen/mcp-ripestat/internal/ripestat/cache/cache.go:71.46,73.51 1 1
github.com/taihen/mcp-ripestat/internal/ripestat/cache/cache.go:73.51,75.3 1 1
github.com/taihen/mcp-ripestat/internal/ripestat/cache/cache.go:78.2,78.17 1 1
github.com/taihen/mcp-ripestat/internal/ripestat/cache/cache.go:82.96,85.39 2 1
github.com/taihen/mcp-ripestat/internal/ripestat/cache/cache.go:85.39,86.37 1 1
github.com/taihen/mcp-ripestat/internal/ripestat/cache/cache.go:86.37,87.42 1 1
github.com/taihen/mcp-ripestat/internal/ripestat/cache/cache.go:87.42,89.5 1 1
github.com/taihen/mcp-ripestat/internal/ripestat/cache/cache.go:91.4,91.22 1 1
github.com/taihen/mcp-ripestat/internal/ripestat/cache/cache.go:95.2,95.19 1 1
github.com/taihen/mcp-ripestat/internal/ripestat/cache/cache.go:99.94,107.13 6 1
github.com/taihen/mcp-ripestat/internal/ripestat/cache/cache.go:107.13,110.3 1 0
github.com/taihen/mcp-ripestat/internal/ripestat/cache/cache.go:112.2,117.26 2 1
github.com/taihen/mcp-ripestat/internal/ripestat/cache/cache.go:121.60,124.2 2 1
github.com/taihen/mcp-ripestat/internal/ripestat/cache/cache.go:127.25,128.45 1 1
github.com/taihen/mcp-ripestat/internal/ripestat/cache/cache.go:128.45,131.3 2 1
github.com/taihen/mcp-ripestat/internal/ripestat/cache/cache.go:135.31,139.47 3 1
github.com/taihen/mcp-ripestat/internal/ripestat/cache/cache.go:139.47,141.37 2 1
github.com/taihen/mcp-ripestat/internal/ripestat/cache/cache.go:141.37,142.34 1 1
github.com/taihen/mcp-ripestat/internal/ripestat/cache/cache.go:142.34,144.5 1 1
github.com/taihen/mcp-ripestat/internal/ripestat/cache/cache.go:146.3,146.14 1 1
github.com/taihen/mcp-ripestat/internal/ripestat/cache/cache.go:149.2,153.3 1 1
github.com/taihen/mcp-ripestat/internal/ripestat/cache/cache.go:164.38,168.49 3 1
github.com/taihen/mcp-ripestat/internal/ripestat/cache/cache.go:168.49,169.37 1 1
github.com/taihen/mcp-ripestat/internal/ripestat/cache/cache.go:169.37,170.34 1 1
github.com/taihen/mcp-ripestat/internal/ripestat/cache/cache.go:170.34,173.5 2 1
github.com/taihen/mcp-ripestat/internal/ripestat/cache/cache.go:175.3,175.14 1 1
github.com/taihen/mcp-ripestat/internal/ripestat/cache/cache.go:178.2,178.16 1 1
github.com/taihen/mcp-ripestat/internal/ripestat/cache/cache.go:182.64,186.2 3 1
github.com/taihen/mcp-ripestat/internal/ripestat/cache/cache.go:189.67,194.2 4 1
github.com/taihen/mcp-ripestat/internal/ripestat/cache/cache.go:197.33,201.2 2 1
github.com/taihen/mcp-ripestat/internal/ripestat/config/config.go:58.30,60.21 2 1
github.com/taihen/mcp-ripestat/internal/ripestat/config/config.go:60.21,62.3 1 1
github.com/taihen/mcp-ripestat/internal/ripestat/config/config.go:64.2,72.3 1 1
github.com/taihen/mcp-ripestat/internal/ripestat/config/config.go:76.54,77.19 1 1
github.com/taihen/mcp-ripestat/internal/ripestat/config/config.go:77.19,79.3 1 1
github.com/taihen/mcp-ripestat/internal/ripestat/config/config.go:81.2,84.19 3 1
github.com/taihen/mcp-ripestat/internal/ripestat/config/config.go:88.61,89.18 1 1
github.com/taihen/mcp-ripestat/internal/ripestat/config/config.go:89.18,91.3 1 1
github.com/taihen/mcp-ripestat/internal/ripestat/config/config.go:93.2,96.19 3 1
github.com/taihen/mcp-ripestat/internal/ripestat/config/config.go:100.57,101.20 1 1
github.com/taihen/mcp-ripestat/internal/ripestat/config/config.go:101.20,103.3 1 1
github.com/taihen/mcp-ripestat/internal/ripestat/config/config.go:105.2,108.19 3 1
github.com/taihen/mcp-ripestat/internal/ripestat/config/config.go:112.73,113.24 1 1
github.com/taihen/mcp-ripestat/internal/ripestat/config/config.go:113.24,115.3 1 1
github.com/taihen/mcp-ripestat/internal/ripestat/config/config.go:117.2,120.19 3 1
github.com/taihen/mcp-ripestat/internal/ripestat/config/config.go:124.79,125.27 1 1
github.com/taihen/mcp-ripestat/internal/ripestat/config/config.go:125.27,127.3 1 1
github.com/taihen/mcp-ripestat/internal/ripestat/config/config.go:129.2,132.19 3 1
github.com/taihen/mcp-ripestat/internal/ripestat/config/config.go:136.58,137.21 1 1
github.com/taihen/mcp-ripestat/internal/ripestat/config/config.go:137.21,139.3 1 1
github.com/taihen/mcp-ripestat/internal/ripestat/config/config.go:141.2,144.19 3 1
github.com/taihen/mcp-ripestat/internal/ripestat/config/config.go:148.58,149.21 1 0
github.com/taihen/mcp-ripestat/internal/ripestat/config/config.go:149.21,151.3 1 0
github.com/taihen/mcp-ripestat/internal/ripestat/config/config.go:153.2,156.19 3 0
github.com/taihen/mcp-ripestat/internal/ripestat/countryasns/countryasns.go:25.42,26.14 1 1
github.com/taihen/mcp-ripestat/internal/ripestat/countryasns/countryasns.go:26.14,28.3 1 1
github.com/taihen/mcp-ripestat/internal/ripestat/countryasns/countryasns.go:30.2,30.27 1 1
github.com/taihen/mcp-ripestat/internal/ripestat/countryasns/countryasns.go:34.30,36.2 1 1
github.com/taihen/mcp-ripestat/internal/ripestat/countryasns/countryasns.go:44.97,45.20 1 1
github.com/taihen/mcp-ripestat/internal/ripestat/countryasns/countryasns.go:45.20,47.3 1 1
github.com/taihen/mcp-ripestat/internal/ripestat/countryasns/countryasns.go:49.2,52.34 3 1
github.com/taihen/mcp-ripestat/internal/ripestat/countryasns/countryasns.go:52.34,53.35 1 1
github.com/taihen/mcp-ripestat/internal/ripestat/countryasns/countryasns.go:53.35,55.4 1 1
github.com/taihen/mcp-ripestat/internal/ripestat/countryasns/countryasns.go:56.3,56.44 1 1
github.com/taihen/mcp-ripestat/internal/ripestat/countryasns/countryasns.go:59.2,60.79 2 1
github.com/taihen/mcp-ripestat/internal/ripestat/countryasns/countryasns.go:60.79,62.3 1 1
github.com/taihen/mcp-ripestat/internal/ripestat/countryasns/countryasns.go:64.2,64.23 1 1
github.com/taihen/mcp-ripestat/internal/ripestat/countryasns/countryasns.go:68.96,70.2 1 1
github.com/taihen/mcp-ripestat/internal/ripestat/asoverview/asoverview.go:24.42,25.14 1 1
github.com/taihen/mcp-ripestat/internal/ripestat/asoverview/asoverview.go:25.14,27.3 1 1
github.com/taihen/mcp-ripestat/internal/ripestat/asoverview/asoverview.go:29.2,29.27 1 1
github.com/taihen/mcp-ripestat/internal/ripestat/asoverview/asoverview.go:33.30,35.2 1 1
github.com/taihen/mcp-ripestat/internal/ripestat/asoverview/asoverview.go:38.79,39.20 1 1
github.com/taihen/mcp-ripestat/internal/ripestat/asoverview/asoverview.go:39.20,41.3 1 1
github.com/taihen/mcp-ripestat/internal/ripestat/asoverview/asoverview.go:43.2,47.79 4 1
github.com/taihen/mcp-ripestat/internal/ripestat/asoverview/asoverview.go:47.79,49.3 1 1
github.com/taihen/mcp-ripestat/internal/ripestat/asoverview/asoverview.go:51.2,51.23 1 1
github.com/taihen/mcp-ripestat/internal/ripestat/asoverview/asoverview.go:55.77,57.2 1 1
github.com/taihen/mcp-ripestat/internal/ripestat/errors/errors.go:27.54,32.2 1 1
github.com/taihen/mcp-ripestat/internal/ripestat/errors/errors.go:35.45,36.16 1 1
github.com/taihen/mcp-ripestat/internal/ripestat/errors/errors.go:36.16,38.3 1 1
github.com/taihen/mcp-ripestat/internal/ripestat/errors/errors.go:40.2,44.3 1 1
github.com/taihen/mcp-ripestat/internal/ripestat/errors/errors.go:48.32,49.18 1 1
github.com/taihen/mcp-ripestat/internal/ripestat/errors/errors.go:49.18,51.3 1 1
github.com/taihen/mcp-ripestat/internal/ripestat/errors/errors.go:53.2,53.18 1 1
github.com/taihen/mcp-ripestat/internal/ripestat/errors/errors.go:57.32,59.2 1 1
github.com/taihen/mcp-ripestat/internal/ripestat/errors/errors.go:62.73,65.25 2 1
github.com/taihen/mcp-ripestat/internal/ripestat/errors/errors.go:66.29,67.32 1 1
github.com/taihen/mcp-ripestat/internal/ripestat/errors/errors.go:68.31,69.28 1 1
github.com/taihen/mcp-ripestat/internal/ripestat/errors/errors.go:70.28,71.25 1 1
github.com/taihen/mcp-ripestat/internal/ripestat/errors/errors.go:72.27,73.24 1 1
github.com/taihen/mcp-ripestat/internal/ripestat/errors/errors.go:74.33,75.23 1 1
github.com/taihen/mcp-ripestat/internal/ripestat/errors/errors.go:76.10,77.29 1 1
github.com/taihen/mcp-ripestat/internal/ripestat/errors/errors.go:77.29,79.4 1 1
github.com/taihen/mcp-ripestat/internal/ripestat/errors/errors.go:79.9,81.4 1 1
github.com/taihen/mcp-ripestat/internal/ripestat/errors/errors.go:84.2,84.74 1 1
github.com/taihen/mcp-ripestat/internal/ripestat/logging/logging.go:29.35,30.11 1 1
github.com/taihen/mcp-ripestat/internal/ripestat/logging/logging.go:31.21,32.17 1 1
github.com/taihen/mcp-ripestat/internal/ripestat/logging/logging.go:33.20,34.16 1 1
github.com/taihen/mcp-ripestat/internal/ripestat/logging/logging.go:35.23,36.19 1 1
github.com/taihen/mcp-ripestat/internal/ripestat/logging/logging.go:37.21,38.17 1 1
github.com/taihen/mcp-ripestat/internal/ripestat/logging/logging.go:39.20,40.16 1 1
github.com/taihen/mcp-ripestat/internal/ripestat/logging/logging.go:41.10,42.39 1 1
github.com/taihen/mcp-ripestat/internal/ripestat/logging/logging.go:59.58,60.19 1 1
github.com/taihen/mcp-ripestat/internal/ripestat/logging/logging.go:60.19,62.3 1 1
github.com/taihen/mcp-ripestat/internal/ripestat/logging/logging.go:64.2,71.3 1 1
github.com/taihen/mcp-ripestat/internal/ripestat/logging/logging.go:75.43,79.2 3 1
github.com/taihen/mcp-ripestat/internal/ripestat/logging/logging.go:82.38,87.2 3 1
github.com/taihen/mcp-ripestat/internal/ripestat/logging/logging.go:90.57,91.35 1 1
github.com/taihen/mcp-ripestat/internal/ripestat/logging/logging.go:91.35,95.3 3 1
github.com/taihen/mcp-ripestat/internal/ripestat/logging/logging.go:99.56,100.34 1 1
github.com/taihen/mcp-ripestat/internal/ripestat/logging/logging.go:100.34,104.3 3 1
github.com/taihen/mcp-ripestat/internal/ripestat/logging/logging.go:108.59,109.37 1 1
github.com/taihen/mcp-ripestat/internal/ripestat/logging/logging.go:109.37,113.3 3 1
github.com/taihen/mcp-ripestat/internal/ripestat/logging/logging.go:117.57,118.35 1 1
github.com/taihen/mcp-ripestat/internal/ripestat/logging/logging.go:118.35,122.3 3 1
github.com/taihen/mcp-ripestat/internal/ripestat/logging/logging.go:129.41,131.2 1 1
github.com/taihen/mcp-ripestat/internal/ripestat/logging/logging.go:134.45,136.2 1 1
github.com/taihen/mcp-ripestat/internal/ripestat/logging/logging.go:139.44,141.2 1 1
github.com/taihen/mcp-ripestat/internal/ripestat/logging/logging.go:144.47,146.2 1 1
github.com/taihen/mcp-ripestat/internal/ripestat/logging/logging.go:149.45,151.2 1 1
github.com/taihen/mcp-ripestat/internal/ripestat/metrics/metrics.go:39.13,41.2 1 1
github.com/taihen/mcp-ripestat/internal/ripestat/metrics/metrics.go:44.28,61.2 2 1
github.com/taihen/mcp-ripestat/internal/ripestat/metrics/metrics.go:66.45,72.2 3 1
github.com/taihen/mcp-ripestat/internal/ripestat/metrics/metrics.go:75.27,79.45 2 1
github.com/taihen/mcp-ripestat/internal/ripestat/metrics/metrics.go:79.45,82.3 2 0
github.com/taihen/mcp-ripestat/internal/ripestat/metrics/metrics.go:84.2,88.46 3 1
github.com/taihen/mcp-ripestat/internal/ripestat/metrics/metrics.go:92.21,95.2 2 1
github.com/taihen/mcp-ripestat/internal/ripestat/metrics/metrics.go:98.58,105.2 4 1
github.com/taihen/mcp-ripestat/internal/ripestat/metrics/metrics.go:108.23,110.2 1 1
github.com/taihen/mcp-ripestat/internal/ripestat/metrics/metrics.go:113.24,115.2 1 1
github.com/taihen/mcp-ripestat/internal/ripestat/metrics/metrics.go:118.43,121.2 2 1
github.com/taihen/mcp-ripestat/internal/ripestat/metrics/metrics.go:124.28,126.2 1 1
github.com/taihen/mcp-ripestat/internal/ripestat/metrics/metrics.go:129.31,131.2 1 1
github.com/taihen/mcp-ripestat/internal/ripestat/metrics/metrics.go:134.28,136.2 1 1
github.com/taihen/mcp-ripestat/internal/ripestat/metrics/metrics.go:139.31,141.2 1 1
github.com/taihen/mcp-ripestat/internal/ripestat/metrics/metrics.go:144.35,147.45 2 1
github.com/taihen/mcp-ripestat/internal/ripestat/metrics/metrics.go:147.45,150.3 2 0
github.com/taihen/mcp-ripestat/internal/ripestat/metrics/metrics.go:152.2,152.48 1 1
github.com/taihen/mcp-ripestat/internal/ripestat/metrics/metrics.go:156.39,167.2 1 1
github.com/taihen/mcp-ripestat/internal/ripestat/lookingglass/lookingglass.go:28.42,29.14 1 1
github.com/taihen/mcp-ripestat/internal/ripestat/lookingglass/lookingglass.go:29.14,31.3 1 1
github.com/taihen/mcp-ripestat/internal/ripestat/lookingglass/lookingglass.go:33.2,33.27 1 1
github.com/taihen/mcp-ripestat/internal/ripestat/lookingglass/lookingglass.go:37.30,39.2 1 1
github.com/taihen/mcp-ripestat/internal/ripestat/lookingglass/lookingglass.go:42.101,43.20 1 1
github.com/taihen/mcp-ripestat/internal/ripestat/lookingglass/lookingglass.go:43.20,45.3 1 1
github.com/taihen/mcp-ripestat/internal/ripestat/lookingglass/lookingglass.go:47.2,47.23 1 1
github.com/taihen/mcp-ripestat/internal/ripestat/lookingglass/lookingglass.go:47.23,49.3 1 1
github.com/taihen/mcp-ripestat/internal/ripestat/lookingglass/lookingglass.go:51.2,51.38 1 1
github.com/taihen/mcp-ripestat/internal/ripestat/lookingglass/lookingglass.go:51.38,53.3 1 1
github.com/taihen/mcp-ripestat/internal/ripestat/lookingglass/lookingglass.go:55.2,57.23 3 1
github.com/taihen/mcp-ripestat/internal/ripestat/lookingglass/lookingglass.go:57.23,59.3 1 1
github.com/taihen/mcp-ripestat/internal/ripestat/lookingglass/lookingglass.go:61.2,62.79 2 1
github.com/taihen/mcp-ripestat/internal/ripestat/lookingglass/lookingglass.go:62.79,64.3 1 1
github.com/taihen/mcp-ripestat/internal/ripestat/lookingglass/lookingglass.go:67.2,73.29 2 1
github.com/taihen/mcp-ripestat/internal/ripestat/lookingglass/lookingglass.go:73.29,75.3 1 1
github.com/taihen/mcp-ripestat/internal/ripestat/lookingglass/lookingglass.go:77.2,77.25 1 1
github.com/taihen/mcp-ripestat/internal/ripestat/lookingglass/lookingglass.go:81.101,83.2 1 1
github.com/taihen/mcp-ripestat/internal/mcp/jsonrpc.go:58.77,65.2 1 1
github.com/taihen/mcp-ripestat/internal/mcp/jsonrpc.go:68.64,74.2 1 1
github.com/taihen/mcp-ripestat/internal/mcp/jsonrpc.go:77.93,87.2 1 1
github.com/taihen/mcp-ripestat/internal/mcp/jsonrpc.go:90.71,96.2 1 1
github.com/taihen/mcp-ripestat/internal/mcp/jsonrpc.go:99.43,100.24 1 1
github.com/taihen/mcp-ripestat/internal/mcp/jsonrpc.go:100.24,102.3 1 1
github.com/taihen/mcp-ripestat/internal/mcp/jsonrpc.go:103.2,103.20 1 1
github.com/taihen/mcp-ripestat/internal/mcp/jsonrpc.go:103.20,105.3 1 1
github.com/taihen/mcp-ripestat/internal/mcp/jsonrpc.go:106.2,106.17 1 1
github.com/taihen/mcp-ripestat/internal/mcp/jsonrpc.go:106.17,108.3 1 1
github.com/taihen/mcp-ripestat/internal/mcp/jsonrpc.go:109.2,109.12 1 1
github.com/taihen/mcp-ripestat/internal/mcp/jsonrpc.go:113.41,115.2 1 1
github.com/taihen/mcp-ripestat/internal/mcp/jsonrpc.go:118.53,120.51 2 1
github.com/taihen/mcp-ripestat/internal/mcp/jsonrpc.go:120.51,122.3 1 1
github.com/taihen/mcp-ripestat/internal/mcp/jsonrpc.go:125.2,125.46 1 1
github.com/taihen/mcp-ripestat/internal/mcp/jsonrpc.go:125.46,127.53 2 1
github.com/taihen/mcp-ripestat/internal/mcp/jsonrpc.go:127.53,129.4 1 0
github.com/taihen/mcp-ripestat/internal/mcp/jsonrpc.go:130.3,130.20 1 1
github.com/taihen/mcp-ripestat/internal/mcp/jsonrpc.go:133.2,133.43 1 1
github.com/taihen/mcp-ripestat/internal/mcp/jsonrpc.go:133.43,135.53 2 1
github.com/taihen/mcp-ripestat/internal/mcp/jsonrpc.go:135.53,137.4 1 1
github.com/taihen/mcp-ripestat/internal/mcp/jsonrpc.go:138.3,138.20 1 1
github.com/taihen/mcp-ripestat/internal/mcp/jsonrpc.go:142.2,142.34 1 1
github.com/taihen/mcp-ripestat/internal/mcp/jsonrpc.go:142.34,144.52 2 1
github.com/taihen/mcp-ripestat/internal/mcp/jsonrpc.go:144.52,146.4 1 1
github.com/taihen/mcp-ripestat/internal/mcp/jsonrpc.go:147.3,147.19 1 1
github.com/taihen/mcp-ripestat/internal/mcp/jsonrpc.go:151.2,152.53 2 1
github.com/taihen/mcp-ripestat/internal/mcp/jsonrpc.go:152.53,154.3 1 1
github.com/taihen/mcp-ripestat/internal/mcp/jsonrpc.go:155.2,155.20 1 1
github.com/taihen/mcp-ripestat/internal/mcp/protocol.go:114.81,135.2 1 1
github.com/taihen/mcp-ripestat/internal/mcp/protocol.go:138.87,154.2 1 1
github.com/taihen/mcp-ripestat/internal/mcp/protocol.go:157.41,385.2 2 1
github.com/taihen/mcp-ripestat/internal/mcp/protocol.go:388.71,390.16 2 1
github.com/taihen/mcp-ripestat/internal/mcp/protocol.go:390.16,392.3 1 1
github.com/taihen/mcp-ripestat/internal/mcp/protocol.go:394.2,395.62 2 1
github.com/taihen/mcp-ripestat/internal/mcp/protocol.go:395.62,397.3 1 1
github.com/taihen/mcp-ripestat/internal/mcp/protocol.go:399.2,399.25 1 1
github.com/taihen/mcp-ripestat/internal/mcp/protocol.go:403.62,413.2 1 1
github.com/taihen/mcp-ripestat/internal/mcp/protocol.go:416.61,418.16 2 1
github.com/taihen/mcp-ripestat/internal/mcp/protocol.go:418.16,420.3 1 1
github.com/taihen/mcp-ripestat/internal/mcp/protocol.go:422.2,422.50 1 1
github.com/taihen/mcp-ripestat/internal/mcp/server.go:39.76,41.2 1 1
github.com/taihen/mcp-ripestat/internal/mcp/server.go:44.72,47.2 2 1
github.com/taihen/mcp-ripestat/internal/mcp/server.go:50.75,52.2 1 1
github.com/taihen/mcp-ripestat/internal/mcp/server.go:55.63,58.2 2 1
github.com/taihen/mcp-ripestat/internal/mcp/server.go:69.43,72.41 2 1
github.com/taihen/mcp-ripestat/internal/mcp/server.go:72.41,74.3 1 1
github.com/taihen/mcp-ripestat/internal/mcp/server.go:75.2,75.38 1 1
github.com/taihen/mcp-ripestat/internal/mcp/server.go:79.102,81.9 2 1
github.com/taihen/mcp-ripestat/internal/mcp/server.go:81.9,83.3 1 1
github.com/taihen/mcp-ripestat/internal/mcp/server.go:84.2,84.19 1 1
github.com/taihen/mcp-ripestat/internal/mcp/server.go:88.77,89.41 1 1
github.com/taihen/mcp-ripestat/internal/mcp/server.go:89.41,91.3 1 1
github.com/taihen/mcp-ripestat/internal/mcp/server.go:92.2,92.11 1 1
github.com/taihen/mcp-ripestat/internal/mcp/server.go:96.71,98.9 2 1
github.com/taihen/mcp-ripestat/internal/mcp/server.go:98.9,100.3 1 1
github.com/taihen/mcp-ripestat/internal/mcp/server.go:102.2,103.42 2 1
github.com/taihen/mcp-ripestat/internal/mcp/server.go:103.42,105.3 1 1
github.com/taihen/mcp-ripestat/internal/mcp/server.go:106.2,106.17 1 1
github.com/taihen/mcp-ripestat/internal/mcp/server.go:110.81,112.9 2 1
github.com/taihen/mcp-ripestat/internal/mcp/server.go:112.9,114.3 1 1
github.com/taihen/mcp-ripestat/internal/mcp/server.go:116.2,117.16 2 1
github.com/taihen/mcp-ripestat/internal/mcp/server.go:117.16,119.3 1 1
github.com/taihen/mcp-ripestat/internal/mcp/server.go:120.2,120.27 1 1
github.com/taihen/mcp-ripestat/internal/mcp/server.go:133.81,139.2 1 1
github.com/taihen/mcp-ripestat/internal/mcp/server.go:142.88,146.16 3 1
github.com/taihen/mcp-ripestat/internal/mcp/server.go:146.16,149.3 2 1
github.com/taihen/mcp-ripestat/internal/mcp/server.go:151.2,151.25 1 1
github.com/taihen/mcp-ripestat/internal/mcp/server.go:152.16,153.33 1 1
github.com/taihen/mcp-ripestat/internal/mcp/server.go:154.21,155.38 1 1
github.com/taihen/mcp-ripestat/internal/mcp/server.go:156.10,157.95 1 0
github.com/taihen/mcp-ripestat/internal/mcp/server.go:162.88,163.46 1 1
github.com/taihen/mcp-ripestat/internal/mcp/server.go:163.46,165.3 1 1
github.com/taihen/mcp-ripestat/internal/mcp/server.go:167.2,169.20 2 1
github.com/taihen/mcp-ripestat/internal/mcp/server.go:170.20,171.33 1 1
github.com/taihen/mcp-ripestat/internal/mcp/server.go:172.20,173.47 1 1
github.com/taihen/mcp-ripestat/internal/mcp/server.go:173.47,175.4 1 1
github.com/taihen/mcp-ripestat/internal/mcp/server.go:176.3,176.32 1 1
github.com/taihen/mcp-ripestat/internal/mcp/server.go:177.20,178.47 1 1
github.com/taihen/mcp-ripestat/internal/mcp/server.go:178.47,180.4 1 1
github.com/taihen/mcp-ripestat/internal/mcp/server.go:181.3,181.37 1 1
github.com/taihen/mcp-ripestat/internal/mcp/server.go:182.14,183.27 1 1
github.com/taihen/mcp-ripestat/internal/mcp/server.go:184.10,185.87 1 1
github.com/taihen/mcp-ripestat/internal/mcp/server.go:190.98,193.22 2 1
github.com/taihen/mcp-ripestat/internal/mcp/server.go:194.50,195.36 1 1
github.com/taihen/mcp-ripestat/internal/mcp/server.go:196.33,199.18 2 1
github.com/taihen/mcp-ripestat/internal/mcp/server.go:200.10,202.18 2 1
github.com/taihen/mcp-ripestat/internal/mcp/server.go:207.70,209.23 2 1
github.com/taihen/mcp-ripestat/internal/mcp/server.go:209.23,211.17 2 1
github.com/taihen/mcp-ripestat/internal/mcp/server.go:211.17,213.4 1 1
github.com/taihen/mcp-ripestat/internal/mcp/server.go:214.3,214.59 1 1
github.com/taihen/mcp-ripestat/internal/mcp/server.go:214.59,216.4 1 1
github.com/taihen/mcp-ripestat/internal/mcp/server.go:220.2,230.20 3 1
github.com/taihen/mcp-ripestat/internal/mcp/server.go:230.20,237.3 5 1
github.com/taihen/mcp-ripestat/internal/mcp/server.go:240.2,240.47 1 1
github.com/taihen/mcp-ripestat/internal/mcp/server.go:240.47,242.3 1 1
github.com/taihen/mcp-ripestat/internal/mcp/server.go:244.2,245.41 2 1
github.com/taihen/mcp-ripestat/internal/mcp/server.go:249.74,254.2 4 1
github.com/taihen/mcp-ripestat/internal/mcp/server.go:257.64,260.2 2 1
github.com/taihen/mcp-ripestat/internal/mcp/server.go:263.69,269.24 3 1
github.com/taihen/mcp-ripestat/internal/mcp/server.go:269.24,271.40 2 1
github.com/taihen/mcp-ripestat/internal/mcp/server.go:271.40,272.35 1 1
github.com/taihen/mcp-ripestat/internal/mcp/server.go:272.35,274.5 1 1
github.com/taihen/mcp-ripestat/internal/mcp/server.go:276.3,276.26 1 1
github.com/taihen/mcp-ripestat/internal/mcp/server.go:279.2,279.44 1 1
github.com/taihen/mcp-ripestat/internal/mcp/server.go:283.90,287.16 3 1
github.com/taihen/mcp-ripestat/internal/mcp/server.go:287.16,289.3 1 1
github.com/taihen/mcp-ripestat/internal/mcp/server.go:291.2,292.16 2 1
github.com/taihen/mcp-ripestat/internal/mcp/server.go:292.16,295.3 2 1
github.com/taihen/mcp-ripestat/internal/mcp/server.go:297.2,297.41 1 1
github.com/taihen/mcp-ripestat/internal/mcp/server.go:301.100,306.29 3 1
github.com/taihen/mcp-ripestat/internal/mcp/server.go:306.29,308.17 2 1
github.com/taihen/mcp-ripestat/internal/mcp/server.go:308.17,310.4 1 1
github.com/taihen/mcp-ripestat/internal/mcp/server.go:311.3,311.57 1 1
github.com/taihen/mcp-ripestat/internal/mcp/server.go:311.57,313.4 1 1
github.com/taihen/mcp-ripestat/internal/mcp/server.go:316.2,316.21 1 1
github.com/taihen/mcp-ripestat/internal/mcp/server.go:317.24,318.38 1 1
github.com/taihen/mcp-ripestat/internal/mcp/server.go:319.23,320.37 1 1
github.com/taihen/mcp-ripestat/internal/mcp/server.go:321.30,322.44 1 1
github.com/taihen/mcp-ripestat/internal/mcp/server.go:323.26,324.40 1 1
github.com/taihen/mcp-ripestat/internal/mcp/server.go:325.27,326.41 1 1
github.com/taihen/mcp-ripestat/internal/mcp/server.go:327.18,328.32 1 1
github.com/taihen/mcp-ripestat/internal/mcp/server.go:329.31,330.45 1 1
github.com/taihen/mcp-ripestat/internal/mcp/server.go:331.27,332.41 1 1
github.com/taihen/mcp-ripestat/internal/mcp/server.go:333.24,334.38 1 1
github.com/taihen/mcp-ripestat/internal/mcp/server.go:335.26,336.40 1 1
github.com/taihen/mcp-ripestat/internal/mcp/server.go:337.25,338.39 1 1
github.com/taihen/mcp-ripestat/internal/mcp/server.go:339.24,340.38 1 1
github.com/taihen/mcp-ripestat/internal/mcp/server.go:341.19,342.33 1 1
github.com/taihen/mcp-ripestat/internal/mcp/server.go:343.22,344.25 1 1
github.com/taihen/mcp-ripestat/internal/mcp/server.go:344.25,346.4 1 1
github.com/taihen/mcp-ripestat/internal/mcp/server.go:347.3,347.36 1 1
github.com/taihen/mcp-ripestat/internal/mcp/server.go:348.10,349.58 1 1
github.com/taihen/mcp-ripestat/internal/mcp/server.go:355.105,357.22 2 1
github.com/taihen/mcp-ripestat/internal/mcp/server.go:357.22,359.3 1 1
github.com/taihen/mcp-ripestat/internal/mcp/server.go:361.2,362.16 2 1
github.com/taihen/mcp-ripestat/internal/mcp/server.go:362.16,364.3 1 1
github.com/taihen/mcp-ripestat/internal/mcp/server.go:366.2,366.46 1 1
github.com/taihen/mcp-ripestat/internal/mcp/server.go:369.104,371.22 2 1
github.com/taihen/mcp-ripestat/internal/mcp/server.go:371.22,373.3 1 1
github.com/taihen/mcp-ripestat/internal/mcp/server.go:375.2,376.16 2 1
github.com/taihen/mcp-ripestat/internal/mcp/server.go:376.16,378.3 1 0
github.com/taihen/mcp-ripestat/internal/mcp/server.go:380.2,380.46 1 1
github.com/taihen/mcp-ripestat/internal/mcp/server.go:383.111,385.22 2 1
github.com/taihen/mcp-ripestat/internal/mcp/server.go:385.22,387.3 1 1
github.com/taihen/mcp-ripestat/internal/mcp/server.go:389.2,390.16 2 1
github.com/taihen/mcp-ripestat/internal/mcp/server.go:390.16,392.3 1 0
github.com/taihen/mcp-ripestat/internal/mcp/server.go:394.2,394.46 1 1
github.com/taihen/mcp-ripestat/internal/mcp/server.go:397.107,399.22 2 1
github.com/taihen/mcp-ripestat/internal/mcp/server.go:399.22,401.3 1 1
github.com/taihen/mcp-ripestat/internal/mcp/server.go:403.2,404.16 2 1
github.com/taihen/mcp-ripestat/internal/mcp/server.go:404.16,406.3 1 1
github.com/taihen/mcp-ripestat/internal/mcp/server.go:408.2,408.46 1 1
github.com/taihen/mcp-ripestat/internal/mcp/server.go:411.108,413.22 2 1
github.com/taihen/mcp-ripestat/internal/mcp/server.go:413.22,415.3 1 1
github.com/taihen/mcp-ripestat/internal/mcp/server.go:418.2,422.87 4 1
github.com/taihen/mcp-ripestat/internal/mcp/server.go:422.87,425.17 3 1
github.com/taihen/mcp-ripestat/internal/mcp/server.go:425.17,427.4 1 1
github.com/taihen/mcp-ripestat/internal/mcp/server.go:428.3,428.21 1 1
github.com/taihen/mcp-ripestat/internal/mcp/server.go:428.21,430.4 1 1
github.com/taihen/mcp-ripestat/internal/mcp/server.go:434.2,434.56 1 1
github.com/taihen/mcp-ripestat/internal/mcp/server.go:434.56,436.17 2 1
github.com/taihen/mcp-ripestat/internal/mcp/server.go:436.17,438.4 1 0
github.com/taihen/mcp-ripestat/internal/mcp/server.go:439.3,439.47 1 1
github.com/taihen/mcp-ripestat/internal/mcp/server.go:443.2,444.16 2 1
github.com/taihen/mcp-ripestat/internal/mcp/server.go:444.16,446.3 1 0
github.com/taihen/mcp-ripestat/internal/mcp/server.go:448.2,448.46 1 1
github.com/taihen/mcp-ripestat/internal/mcp/server.go:451.99,453.22 2 1
github.com/taihen/mcp-ripestat/internal/mcp/server.go:453.22,455.3 1 1
github.com/taihen/mcp-ripestat/internal/mcp/server.go:457.2,458.16 2 1
github.com/taihen/mcp-ripestat/internal/mcp/server.go:458.16,460.3 1 0
github.com/taihen/mcp-ripestat/internal/mcp/server.go:462.2,462.46 1 1
github.com/taihen/mcp-ripestat/internal/mcp/server.go:465.112,467.22 2 1
github.com/taihen/mcp-ripestat/internal/mcp/server.go:467.22,469.3 1 1
github.com/taihen/mcp-ripestat/internal/mcp/server.go:471.2,472.16 2 1
github.com/taihen/mcp-ripestat/internal/mcp/server.go:472.16,474.3 1 1
github.com/taihen/mcp-ripestat/internal/mcp/server.go:476.2,476.46 1 1
github.com/taihen/mcp-ripestat/internal/mcp/server.go:479.108,481.22 2 1
github.com/taihen/mcp-ripestat/internal/mcp/server.go:481.22,483.3 1 1
github.com/taihen/mcp-ripestat/internal/mcp/server.go:485.2,486.22 2 1
github.com/taihen/mcp-ripestat/internal/mcp/server.go:486.22,488.3 1 1
github.com/taihen/mcp-ripestat/internal/mcp/server.go:490.2,491.16 2 1
github.com/taihen/mcp-ripestat/internal/mcp/server.go:491.16,493.3 1 1
github.com/taihen/mcp-ripestat/internal/mcp/server.go:495.2,495.46 1 0
github.com/taihen/mcp-ripestat/internal/mcp/server.go:498.105,500.22 2 1
github.com/taihen/mcp-ripestat/internal/mcp/server.go:500.22,502.3 1 1
github.com/taihen/mcp-ripestat/internal/mcp/server.go:504.2,505.16 2 1
github.com/taihen/mcp-ripestat/internal/mcp/server.go:505.16,507.3 1 1
github.com/taihen/mcp-ripestat/internal/mcp/server.go:509.2,509.46 1 1
github.com/taihen/mcp-ripestat/internal/mcp/server.go:512.107,514.22 2 1
github.com/taihen/mcp-ripestat/internal/mcp/server.go:514.22,516.3 1 1
github.com/taihen/mcp-ripestat/internal/mcp/server.go:518.2,519.22 2 1
github.com/taihen/mcp-ripestat/internal/mcp/server.go:519.22,521.3 1 1
github.com/taihen/mcp-ripestat/internal/mcp/server.go:523.2,526.16 3 1
github.com/taihen/mcp-ripestat/internal/mcp/server.go:526.16,528.3 1 0
github.com/taihen/mcp-ripestat/internal/mcp/server.go:530.2,530.46 1 1
github.com/taihen/mcp-ripestat/internal/mcp/server.go:533.106,535.22 2 1
github.com/taihen/mcp-ripestat/internal/mcp/server.go:535.22,537.3 1 1
github.com/taihen/mcp-ripestat/internal/mcp/server.go:539.2,540.22 2 1
github.com/taihen/mcp-ripestat/internal/mcp/server.go:540.22,542.3 1 1
github.com/taihen/mcp-ripestat/internal/mcp/server.go:544.2,545.16 2 1
github.com/taihen/mcp-ripestat/internal/mcp/server.go:545.16,547.3 1 1
github.com/taihen/mcp-ripestat/internal/mcp/server.go:549.2,549.46 1 1
github.com/taihen/mcp-ripestat/internal/mcp/server.go:552.105,554.22 2 1
github.com/taihen/mcp-ripestat/internal/mcp/server.go:554.22,556.3 1 1
github.com/taihen/mcp-ripestat/internal/mcp/server.go:558.2,559.22 2 1
github.com/taihen/mcp-ripestat/internal/mcp/server.go:559.22,561.3 1 1
github.com/taihen/mcp-ripestat/internal/mcp/server.go:563.2,565.16 3 1
github.com/taihen/mcp-ripestat/internal/mcp/server.go:565.16,567.3 1 0
github.com/taihen/mcp-ripestat/internal/mcp/server.go:569.2,569.46 1 1
github.com/taihen/mcp-ripestat/internal/mcp/server.go:572.100,574.22 2 1
github.com/taihen/mcp-ripestat/internal/mcp/server.go:574.22,576.3 1 1
github.com/taihen/mcp-ripestat/internal/mcp/server.go:578.2,579.16 2 1
github.com/taihen/mcp-ripestat/internal/mcp/server.go:579.16,581.3 1 1
github.com/taihen/mcp-ripestat/internal/mcp/server.go:583.2,583.46 1 1
github.com/taihen/mcp-ripestat/internal/mcp/server.go:586.100,588.52 1 1
github.com/taihen/mcp-ripestat/internal/mcp/server.go:588.52,595.17 4 1
github.com/taihen/mcp-ripestat/internal/mcp/server.go:595.17,597.4 1 0
github.com/taihen/mcp-ripestat/internal/mcp/server.go:598.3,598.47 1 1
github.com/taihen/mcp-ripestat/internal/mcp/server.go:602.2,603.16 2 1
github.com/taihen/mcp-ripestat/internal/mcp/server.go:603.16,605.3 1 0
github.com/taihen/mcp-ripestat/internal/mcp/server.go:607.2,607.46 1 1
github.com/taihen/mcp-ripestat/internal/mcp/server.go:611.72,613.18 2 1
github.com/taihen/mcp-ripestat/internal/mcp/server.go:613.18,615.3 1 1
github.com/taihen/mcp-ripestat/internal/mcp/server.go:617.2,623.22 2 1
github.com/taihen/mcp-ripestat/internal/mcp/server.go:623.22,625.3 1 1
github.com/taihen/mcp-ripestat/internal/mcp/server.go:628.2,628.55 1 1
github.com/taihen/mcp-ripestat/internal/mcp/server.go:628.55,630.68 2 1
github.com/taihen/mcp-ripestat/internal/mcp/server.go:630.68,632.4 1 1
github.com/taihen/mcp-ripestat/internal/mcp/server.go:633.3,633.26 1 1
github.com/taihen/mcp-ripestat/internal/mcp/server.go:634.8,637.34 2 1
github.com/taihen/mcp-ripestat/internal/mcp/server.go:637.34,638.57 1 1
github.com/taihen/mcp-ripestat/internal/mcp/server.go:638.57,639.13 1 1
github.com/taihen/mcp-ripestat/internal/mcp/server.go:641.4,641.23 1 1
github.com/taihen/mcp-ripestat/internal/mcp/server.go:641.23,643.5 1 1
github.com/taihen/mcp-ripestat/internal/mcp/server.go:645.3,645.22 1 1
github.com/taihen/mcp-ripestat/internal/mcp/server.go:645.22,647.4 1 1
github.com/taihen/mcp-ripestat/internal/mcp/server.go:650.2,650.30 1 1
github.com/taihen/mcp-ripestat/internal/ripestat/module/module.go:35.112,36.24 1 1
github.com/taihen/mcp-ripestat/internal/ripestat/module/module.go:36.24,38.3 1 1
github.com/taihen/mcp-ripestat/internal/ripestat/module/module.go:39.2,39.23 1 1
github.com/taihen/mcp-ripestat/internal/ripestat/module/module.go:39.23,41.3 1 1
github.com/taihen/mcp-ripestat/internal/ripestat/module/module.go:43.2,48.3 1 1
github.com/taihen/mcp-ripestat/internal/ripestat/module/module.go:52.36,54.2 1 1
github.com/taihen/mcp-ripestat/internal/ripestat/module/module.go:57.44,59.2 1 1
github.com/taihen/mcp-ripestat/internal/ripestat/module/module.go:62.46,64.2 1 1
github.com/taihen/mcp-ripestat/internal/ripestat/module/module.go:67.43,69.2 1 1
github.com/taihen/mcp-ripestat/internal/ripestat/module/module.go:78.30,83.2 1 1
github.com/taihen/mcp-ripestat/internal/ripestat/module/module.go:86.44,89.2 2 1
github.com/taihen/mcp-ripestat/internal/ripestat/module/module.go:92.58,95.2 2 1
github.com/taihen/mcp-ripestat/internal/ripestat/module/module.go:98.65,101.2 2 1
github.com/taihen/mcp-ripestat/internal/ripestat/module/module.go:104.43,106.30 2 1
github.com/taihen/mcp-ripestat/internal/ripestat/module/module.go:106.30,108.3 1 1
github.com/taihen/mcp-ripestat/internal/ripestat/module/module.go:109.2,109.14 1 1
github.com/taihen/mcp-ripestat/internal/ripestat/module/module.go:113.43,115.33 2 1
github.com/taihen/mcp-ripestat/internal/ripestat/module/module.go:115.33,117.3 1 1
github.com/taihen/mcp-ripestat/internal/ripestat/module/module.go:118.2,118.16 1 1
github.com/taihen/mcp-ripestat/internal/ripestat/networkinfo/module.go:21.67,25.2 1 1
github.com/taihen/mcp-ripestat/internal/ripestat/networkinfo/module.go:28.73,30.2 1 1
github.com/taihen/mcp-ripestat/internal/ripestat/networkinfo/module.go:33.101,36.9 2 1
github.com/taihen/mcp-ripestat/internal/ripestat/networkinfo/module.go:36.9,38.3 1 1
github.com/taihen/mcp-ripestat/internal/ripestat/networkinfo/module.go:40.2,41.27 2 1
github.com/taihen/mcp-ripestat/internal/ripestat/networkinfo/module.go:41.27,43.3 1 1
github.com/taihen/mcp-ripestat/internal/ripestat/networkinfo/module.go:46.2,51.88 4 0
github.com/taihen/mcp-ripestat/internal/ripestat/networkinfo/module.go:51.88,53.3 1 0
github.com/taihen/mcp-ripestat/internal/ripestat/networkinfo/module.go:55.2,55.23 1 0
github.com/taihen/mcp-ripestat/internal/ripestat/networkinfo/networkinfo.go:24.42,25.14 1 1
github.com/taihen/mcp-ripestat/internal/ripestat/networkinfo/networkinfo.go:25.14,27.3 1 1
github.com/taihen/mcp-ripestat/internal/ripestat/networkinfo/networkinfo.go:29.2,29.27 1 1
github.com/taihen/mcp-ripestat/internal/ripestat/networkinfo/networkinfo.go:33.30,35.2 1 1
github.com/taihen/mcp-ripestat/internal/ripestat/networkinfo/networkinfo.go:38.79,39.20 1 1
github.com/taihen/mcp-ripestat/internal/ripestat/networkinfo/networkinfo.go:39.20,41.3 1 1
github.com/taihen/mcp-ripestat/internal/ripestat/networkinfo/networkinfo.go:43.2,47.79 4 1
github.com/taihen/mcp-ripestat/internal/ripestat/networkinfo/networkinfo.go:47.79,49.3 1 1
github.com/taihen/mcp-ripestat/internal/ripestat/networkinfo/networkinfo.go:52.2,52.41 1 1
github.com/taihen/mcp-ripestat/internal/ripestat/networkinfo/networkinfo.go:52.41,53.33 1 1
github.com/taihen/mcp-ripestat/internal/ripestat/networkinfo/networkinfo.go:53.33,56.4 1 1
github.com/taihen/mcp-ripestat/internal/ripestat/networkinfo/networkinfo.go:59.2,59.23 1 1
github.com/taihen/mcp-ripestat/internal/ripestat/networkinfo/networkinfo.go:63.78,65.2 1 1
github.com/taihen/mcp-ripestat/internal/ripestat/routingstatus/routingstatus.go:24.42,25.14 1 1
github.com/taihen/mcp-ripestat/internal/ripestat/routingstatus/routingstatus.go:25.14,27.3 1 1
github.com/taihen/mcp-ripestat/internal/ripestat/routingstatus/routingstatus.go:29.2,29.27 1 1
github.com/taihen/mcp-ripestat/internal/ripestat/routingstatus/routingstatus.go:33.30,35.2 1 1
github.com/taihen/mcp-ripestat/internal/ripestat/routingstatus/routingstatus.go:38.79,39.20 1 1
github.com/taihen/mcp-ripestat/internal/ripestat/routingstatus/routingstatus.go:39.20,41.3 1 1
github.com/taihen/mcp-ripestat/internal/ripestat/routingstatus/routingstatus.go:43.2,47.79 4 1
github.com/taihen/mcp-ripestat/internal/ripestat/routingstatus/routingstatus.go:47.79,49.3 1 1
github.com/taihen/mcp-ripestat/internal/ripestat/routingstatus/routingstatus.go:51.2,51.23 1 1
github.com/taihen/mcp-ripestat/internal/ripestat/routingstatus/routingstatus.go:55.80,57.2 1 1
github.com/taihen/mcp-ripestat/internal/ripestat/types/types.go:32.56,37.28 2 1
github.com/taihen/mcp-ripestat/internal/ripestat/types/types.go:37.28,39.3 1 1
github.com/taihen/mcp-ripestat/internal/ripestat/types/types.go:42.2,43.16 2 1
github.com/taihen/mcp-ripestat/internal/ripestat/types/types.go:43.16,46.3 2 1
github.com/taihen/mcp-ripestat/internal/ripestat/types/types.go:50.2,55.33 2 1
github.com/taihen/mcp-ripestat/internal/ripestat/types/types.go:55.33,57.17 2 1
github.com/taihen/mcp-ripestat/internal/ripestat/types/types.go:57.17,60.4 2 1
github.com/taihen/mcp-ripestat/internal/ripestat/types/types.go:64.2,64.12 1 1
github.com/taihen/mcp-ripestat/internal/ripestat/rpkivalidation/rpkivalidation.go:24.42,25.14 1 1
github.com/taihen/mcp-ripestat/internal/ripestat/rpkivalidation/rpkivalidation.go:25.14,27.3 1 1
github.com/taihen/mcp-ripestat/internal/ripestat/rpkivalidation/rpkivalidation.go:29.2,29.27 1 1
github.com/taihen/mcp-ripestat/internal/ripestat/rpkivalidation/rpkivalidation.go:33.30,35.2 1 1
github.com/taihen/mcp-ripestat/internal/ripestat/rpkivalidation/rpkivalidation.go:38.90,39.20 1 1
github.com/taihen/mcp-ripestat/internal/ripestat/rpkivalidation/rpkivalidation.go:39.20,41.3 1 1
github.com/taihen/mcp-ripestat/internal/ripestat/rpkivalidation/rpkivalidation.go:43.2,43.18 1 1
github.com/taihen/mcp-ripestat/internal/ripestat/rpkivalidation/rpkivalidation.go:43.18,45.3 1 1
github.com/taihen/mcp-ripestat/internal/ripestat/rpkivalidation/rpkivalidation.go:47.2,52.79 5 1
github.com/taihen/mcp-ripestat/internal/ripestat/rpkivalidation/rpkivalidation.go:52.79,54.3 1 1
github.com/taihen/mcp-ripestat/internal/ripestat/rpkivalidation/rpkivalidation.go:57.2,67.39 2 1
github.com/taihen/mcp-ripestat/internal/ripestat/rpkivalidation/rpkivalidation.go:67.39,69.3 1 1
github.com/taihen/mcp-ripestat/internal/ripestat/rpkivalidation/rpkivalidation.go:71.2,71.25 1 1
github.com/taihen/mcp-ripestat/internal/ripestat/rpkivalidation/rpkivalidation.go:75.92,77.2 1 1
github.com/taihen/mcp-ripestat/internal/ripestat/util/util.go:13.34,14.14 1 1
github.com/taihen/mcp-ripestat/internal/ripestat/util/util.go:14.14,16.3 1 1
github.com/taihen/mcp-ripestat/internal/ripestat/util/util.go:18.2,19.21 2 1
github.com/taihen/mcp-ripestat/internal/ripestat/util/util.go:19.21,21.3 1 1
github.com/taihen/mcp-ripestat/internal/ripestat/util/util.go:24.2,24.30 1 1
github.com/taihen/mcp-ripestat/internal/ripestat/util/util.go:28.34,29.14 1 1
github.com/taihen/mcp-ripestat/internal/ripestat/util/util.go:29.14,31.3 1 1
github.com/taihen/mcp-ripestat/internal/ripestat/util/util.go:33.2,34.21 2 1
github.com/taihen/mcp-ripestat/internal/ripestat/util/util.go:34.21,36.3 1 1
github.com/taihen/mcp-ripestat/internal/ripestat/util/util.go:39.2,39.30 1 1
github.com/taihen/mcp-ripestat/internal/ripestat/util/util.go:43.32,45.2 1 1
github.com/taihen/mcp-ripestat/internal/ripestat/util/util.go:48.36,49.16 1 1
github.com/taihen/mcp-ripestat/internal/ripestat/util/util.go:49.16,51.3 1 1
github.com/taihen/mcp-ripestat/internal/ripestat/util/util.go:53.2,55.19 2 1
github.com/taihen/mcp-ripestat/internal/ripestat/util/util.go:60.34,61.15 1 1
github.com/taihen/mcp-ripestat/internal/ripestat/util/util.go:61.15,63.3 1 1
github.com/taihen/mcp-ripestat/internal/ripestat/util/util.go:66.2,71.34 3 1
github.com/taihen/mcp-ripestat/internal/ripestat/util/util.go:75.35,76.15 1 1
github.com/taihen/mcp-ripestat/internal/ripestat/util/util.go:76.15,78.3 1 1
github.com/taihen/mcp-ripestat/internal/ripestat/util/util.go:81.2,84.19 2 1
github.com/taihen/mcp-ripestat/internal/ripestat/util/util.go:89.52,90.18 1 1
github.com/taihen/mcp-ripestat/internal/ripestat/util/util.go:90.18,92.3 1 1
github.com/taihen/mcp-ripestat/internal/ripestat/util/util.go:94.2,94.25 1 1
github.com/taihen/mcp-ripestat/internal/ripestat/util/util.go:99.60,100.18 1 1
github.com/taihen/mcp-ripestat/internal/ripestat/util/util.go:100.18,102.3 1 1
github.com/taihen/mcp-ripestat/internal/ripestat/util/util.go:104.2,104.30 1 1
github.com/taihen/mcp-ripestat/internal/ripestat/util/util.go:108.50,109.22 1 1
github.com/taihen/mcp-ripestat/internal/ripestat/util/util.go:109.22,111.3 1 1
github.com/taihen/mcp-ripestat/internal/ripestat/util/util.go:113.2,113.29 1 1
github.com/taihen/mcp-ripestat/internal/ripestat/util/util.go:118.52,121.25 2 1
github.com/taihen/mcp-ripestat/internal/ripestat/util/util.go:121.25,122.14 1 1
github.com/taihen/mcp-ripestat/internal/ripestat/util/util.go:122.14,124.4 1 1
github.com/taihen/mcp-ripestat/internal/ripestat/util/util.go:127.2,127.36 1 1
github.com/taihen/mcp-ripestat/internal/ripestat/util/util.go:131.50,132.13 1 1
github.com/taihen/mcp-ripestat/internal/ripestat/util/util.go:132.13,134.3 1 1
github.com/taihen/mcp-ripestat/internal/ripestat/util/util.go:136.2,140.29 3 1
github.com/taihen/mcp-ripestat/internal/ripestat/util/util.go:140.29,142.20 2 1
github.com/taihen/mcp-ripestat/internal/ripestat/util/util.go:142.20,144.4 1 1
github.com/taihen/mcp-ripestat/internal/ripestat/util/util.go:147.2,147.15 1 1
github.com/taihen/mcp-ripestat/internal/ripestat/util/util.go:151.51,152.17 1 1
github.com/taihen/mcp-ripestat/internal/ripestat/util/util.go:152.17,154.3 1 1
github.com/taihen/mcp-ripestat/internal/ripestat/util/util.go:156.2,157.22 2 1
github.com/taihen/mcp-ripestat/internal/ripestat/util/util.go:157.22,159.3 1 1
github.com/taihen/mcp-ripestat/internal/ripestat/util/util.go:161.2,161.46 1 1
github.com/taihen/mcp-ripestat/internal/ripestat/util/util.go:165.57,166.29 1 1
github.com/taihen/mcp-ripestat/internal/ripestat/util/util.go:166.29,167.16 1 1
github.com/taihen/mcp-ripestat/internal/ripestat/util/util.go:167.16,169.4 1 1
github.com/taihen/mcp-ripestat/internal/ripestat/util/util.go:172.2,172.14 1 1
github.com/taihen/mcp-ripestat/internal/ripestat/util/util.go:176.44,177.22 1 1
github.com/taihen/mcp-ripestat/internal/ripestat/util/util.go:177.22,179.3 1 1
github.com/taihen/mcp-ripestat/internal/ripestat/util/util.go:181.2,181.19 1 1
github.com/taihen/mcp-ripestat/internal/ripestat/util/util.go:181.19,182.19 1 1
github.com/taihen/mcp-ripestat/internal/ripestat/util/util.go:182.19,184.4 1 1
github.com/taihen/mcp-ripestat/internal/ripestat/util/util.go:187.2,187.13 1 1
github.com/taihen/mcp-ripestat/internal/ripestat/util/util.go:191.48,192.21 1 1
github.com/taihen/mcp-ripestat/internal/ripestat/util/util.go:192.21,194.3 1 1
github.com/taihen/mcp-ripestat/internal/ripestat/util/util.go:196.2,199.26 3 1
github.com/taihen/mcp-ripestat/internal/ripestat/util/util.go:199.26,200.28 1 1
github.com/taihen/mcp-ripestat/internal/ripestat/util/util.go:200.28,204.4 2 1
github.com/taihen/mcp-ripestat/internal/ripestat/util/util.go:207.2,207.15 1 1
github.com/taihen/mcp-ripestat/internal/ripestat/whatsmyip/whatsmyip.go:26.42,27.14 1 1
github.com/taihen/mcp-ripestat/internal/ripestat/whatsmyip/whatsmyip.go:27.14,29.3 1 1
github.com/taihen/mcp-ripestat/internal/ripestat/whatsmyip/whatsmyip.go:31.2,31.27 1 1
github.com/taihen/mcp-ripestat/internal/ripestat/whatsmyip/whatsmyip.go:35.30,37.2 1 1
github.com/taihen/mcp-ripestat/internal/ripestat/whatsmyip/whatsmyip.go:40.65,42.76 2 1
github.com/taihen/mcp-ripestat/internal/ripestat/whatsmyip/whatsmyip.go:42.76,44.3 1 1
github.com/taihen/mcp-ripestat/internal/ripestat/whatsmyip/whatsmyip.go:47.2,52.25 2 1
github.com/taihen/mcp-ripestat/internal/ripestat/whatsmyip/whatsmyip.go:57.94,58.20 1 1
github.com/taihen/mcp-ripestat/internal/ripestat/whatsmyip/whatsmyip.go:58.20,60.3 1 1
github.com/taihen/mcp-ripestat/internal/ripestat/whatsmyip/whatsmyip.go:66.2,71.25 2 1
github.com/taihen/mcp-ripestat/internal/ripestat/whatsmyip/whatsmyip.go:75.62,77.2 1 1
github.com/taihen/mcp-ripestat/internal/ripestat/whatsmyip/whatsmyip.go:81.91,83.2 1 1
github.com/taihen/mcp-ripestat/internal/ripestat/whatsmyip/whatsmyip.go:87.46,89.55 1 1
github.com/taihen/mcp-ripestat/internal/ripestat/whatsmyip/whatsmyip.go:89.55,94.26 2 1
github.com/taihen/mcp-ripestat/internal/ripestat/whatsmyip/whatsmyip.go:94.26,96.4 1 1
github.com/taihen/mcp-ripestat/internal/ripestat/whatsmyip/whatsmyip.go:103.3,103.20 1 1
github.com/taihen/mcp-ripestat/internal/ripestat/whatsmyip/whatsmyip.go:103.20,107.27 2 1
github.com/taihen/mcp-ripestat/internal/ripestat/whatsmyip/whatsmyip.go:107.27,109.5 1 1
github.com/taihen/mcp-ripestat/internal/ripestat/whatsmyip/whatsmyip.go:110.9,110.26 1 1
github.com/taihen/mcp-ripestat/internal/ripestat/whatsmyip/whatsmyip.go:110.26,114.26 2 1
github.com/taihen/mcp-ripestat/internal/ripestat/whatsmyip/whatsmyip.go:114.26,116.5 1 1
github.com/taihen/mcp-ripestat/internal/ripestat/whatsmyip/whatsmyip.go:120.3,120.26 1 1
github.com/taihen/mcp-ripestat/internal/ripestat/whatsmyip/whatsmyip.go:120.26,121.21 1 1
github.com/taihen/mcp-ripestat/internal/ripestat/whatsmyip/whatsmyip.go:121.21,123.5 1 1
github.com/taihen/mcp-ripestat/internal/ripestat/whatsmyip/whatsmyip.go:128.2,128.49 1 1
github.com/taihen/mcp-ripestat/internal/ripestat/whatsmyip/whatsmyip.go:128.49,130.21 2 1
github.com/taihen/mcp-ripestat/internal/ripestat/whatsmyip/whatsmyip.go:130.21,132.4 1 1
github.com/taihen/mcp-ripestat/internal/ripestat/whatsmyip/whatsmyip.go:136.2,136.58 1 1
github.com/taihen/mcp-ripestat/internal/ripestat/whatsmyip/whatsmyip.go:136.58,138.22 2 1
github.com/taihen/mcp-ripestat/internal/ripestat/whatsmyip/whatsmyip.go:138.22,140.4 1 1
github.com/taihen/mcp-ripestat/internal/ripestat/whatsmyip/whatsmyip.go:145.2,145.65 1 1
github.com/taihen/mcp-ripestat/internal/ripestat/whatsmyip/whatsmyip.go:145.65,147.3 1 1
github.com/taihen/mcp-ripestat/internal/ripestat/whatsmyip/whatsmyip.go:150.2,150.21 1 1
github.com/taihen/mcp-ripestat/internal/ripestat/whatsmyip/whatsmyip.go:154.32,156.2 1 1
github.com/taihen/mcp-ripestat/internal/ripestat/whois/whois.go:19.36,21.2 1 1
github.com/taihen/mcp-ripestat/internal/ripestat/whois/whois.go:25.79,26.20 1 1
github.com/taihen/mcp-ripestat/internal/ripestat/whois/whois.go:26.20,28.3 1 1
github.com/taihen/mcp-ripestat/internal/ripestat/whois/whois.go:31.2,37.75 5 1
github.com/taihen/mcp-ripestat/internal/ripestat/whois/whois.go:37.75,39.3 1 1
github.com/taihen/mcp-ripestat/internal/ripestat/whois/whois.go:41.2,41.23 1 1
github.com/taihen/mcp-ripestat/internal/ripestat/whois/whois.go:45.30,47.2 1 1
github.com/taihen/mcp-ripestat/internal/ripestat/whois/whois.go:50.72,52.2 1 1
github.com/taihen/mcp-ripestat/internal/ripestat/routinghistory/routinghistory.go:18.36,20.2 1 1
github.com/taihen/mcp-ripestat/internal/ripestat/routinghistory/routinghistory.go:24.79,25.20 1 1
github.com/taihen/mcp-ripestat/internal/ripestat/routinghistory/routinghistory.go:25.20,27.3 1 1
github.com/taihen/mcp-ripestat/internal/ripestat/routinghistory/routinghistory.go:29.2,35.75 5 1
github.com/taihen/mcp-ripestat/internal/ripestat/routinghistory/routinghistory.go:35.75,37.3 1 1
github.com/taihen/mcp-ripestat/internal/ripestat/routinghistory/routinghistory.go:39.2,39.23 1 1
github.com/taihen/mcp-ripestat/internal/ripestat/routinghistory/routinghistory.go:43.126,44.20 1 1
github.com/taihen/mcp-ripestat/internal/ripestat/routinghistory/routinghistory.go:44.20,46.3 1 1
github.com/taihen/mcp-ripestat/internal/ripestat/routinghistory/routinghistory.go:48.2,51.21 3 1
github.com/taihen/mcp-ripestat/internal/ripestat/routinghistory/routinghistory.go:51.21,53.3 1 1
github.com/taihen/mcp-ripestat/internal/ripestat/routinghistory/routinghistory.go:55.2,55.19 1 1
github.com/taihen/mcp-ripestat/internal/ripestat/routinghistory/routinghistory.go:55.19,57.3 1 1
github.com/taihen/mcp-ripestat/internal/ripestat/routinghistory/routinghistory.go:59.2,59.20 1 1
github.com/taihen/mcp-ripestat/internal/ripestat/routinghistory/routinghistory.go:59.20,61.3 1 1
github.com/taihen/mcp-ripestat/internal/ripestat/routinghistory/routinghistory.go:63.2,66.75 3 1
github.com/taihen/mcp-ripestat/internal/ripestat/routinghistory/routinghistory.go:66.75,68.3 1 1
github.com/taihen/mcp-ripestat/internal/ripestat/routinghistory/routinghistory.go:70.2,70.23 1 1
github.com/taihen/mcp-ripestat/internal/ripestat/routinghistory/routinghistory.go:74.30,76.2 1 1
github.com/taihen/mcp-ripestat/internal/ripestat/routinghistory/routinghistory.go:79.81,81.2 1 1
github.com/taihen/mcp-ripestat/internal/ripestat/routinghistory/routinghistory.go:84.128,86.2 1 1
github.com/taihen/mcp-ripestat/internal/ripestat/rpkihistory/rpkihistory.go:25.42,26.14 1 1
github.com/taihen/mcp-ripestat/internal/ripestat/rpkihistory/rpkihistory.go:26.14,28.3 1 1
github.com/taihen/mcp-ripestat/internal/ripestat/rpkihistory/rpkihistory.go:29.2,29.27 1 1
github.com/taihen/mcp-ripestat/internal/ripestat/rpkihistory/rpkihistory.go:33.30,35.2 1 1
github.com/taihen/mcp-ripestat/internal/ripestat/rpkihistory/rpkihistory.go:38.79,39.20 1 1
github.com/taihen/mcp-ripestat/internal/ripestat/rpkihistory/rpkihistory.go:39.20,41.3 1 1
github.com/taihen/mcp-ripestat/internal/ripestat/rpkihistory/rpkihistory.go:43.2,47.79 4 1
github.com/taihen/mcp-ripestat/internal/ripestat/rpkihistory/rpkihistory.go:47.79,49.3 1 1
github.com/taihen/mcp-ripestat/internal/ripestat/rpkihistory/rpkihistory.go:51.2,51.23 1 1
github.com/taihen/mcp-ripestat/internal/ripestat/rpkihistory/rpkihistory.go:55.78,57.2 1 1
github.com/taihen/mcp-ripestat/internal/ripestat/client/client.go:48.55,49.19 1 1
github.com/taihen/mcp-ripestat/internal/ripestat/client/client.go:49.19,51.3 1 1
github.com/taihen/mcp-ripestat/internal/ripestat/client/client.go:53.2,53.23 1 1
github.com/taihen/mcp-ripestat/internal/ripestat/client/client.go:53.23,55.3 1 1
github.com/taihen/mcp-ripestat/internal/ripestat/client/client.go:57.2,69.3 1 1
github.com/taihen/mcp-ripestat/internal/ripestat/client/client.go:73.69,74.16 1 1
github.com/taihen/mcp-ripestat/internal/ripestat/client/client.go:74.16,76.3 1 1
github.com/taihen/mcp-ripestat/internal/ripestat/client/client.go:78.2,78.23 1 1
github.com/taihen/mcp-ripestat/internal/ripestat/client/client.go:78.23,80.3 1 1
github.com/taihen/mcp-ripestat/internal/ripestat/client/client.go:82.2,94.3 1 1
github.com/taihen/mcp-ripestat/internal/ripestat/client/client.go:98.30,100.2 1 1
github.com/taihen/mcp-ripestat/internal/ripestat/client/client.go:103.103,105.16 2 1
github.com/taihen/mcp-ripestat/internal/ripestat/client/client.go:105.16,108.3 2 1
github.com/taihen/mcp-ripestat/internal/ripestat/client/client.go:110.2,110.19 1 1
github.com/taihen/mcp-ripestat/internal/ripestat/client/client.go:110.19,112.3 1 1
github.com/taihen/mcp-ripestat/internal/ripestat/client/client.go:115.2,115.23 1 1
github.com/taihen/mcp-ripestat/internal/ripestat/client/client.go:115.23,117.3 1 1
github.com/taihen/mcp-ripestat/internal/ripestat/client/client.go:119.2,124.16 4 1
github.com/taihen/mcp-ripestat/internal/ripestat/client/client.go:124.16,127.3 2 0
github.com/taihen/mcp-ripestat/internal/ripestat/client/client.go:130.2,130.23 1 1
github.com/taihen/mcp-ripestat/internal/ripestat/client/client.go:130.23,132.3 1 1
github.com/taihen/mcp-ripestat/internal/ripestat/client/client.go:135.2,139.16 4 1
github.com/taihen/mcp-ripestat/internal/ripestat/client/client.go:139.16,142.3 2 1
github.com/taihen/mcp-ripestat/internal/ripestat/client/client.go:145.2,145.31 1 1
github.com/taihen/mcp-ripestat/internal/ripestat/client/client.go:145.31,147.3 1 1
github.com/taihen/mcp-ripestat/internal/ripestat/client/client.go:149.2,151.18 2 1
github.com/taihen/mcp-ripestat/internal/ripestat/client/client.go:155.109,160.20 3 1
github.com/taihen/mcp-ripestat/internal/ripestat/client/client.go:160.20,161.65 1 1
github.com/taihen/mcp-ripestat/internal/ripestat/client/client.go:161.65,166.56 3 1
github.com/taihen/mcp-ripestat/internal/ripestat/client/client.go:166.56,169.5 1 0
github.com/taihen/mcp-ripestat/internal/ripestat/client/client.go:169.10,172.5 2 1
github.com/taihen/mcp-ripestat/internal/ripestat/client/client.go:176.2,179.9 2 1
github.com/taihen/mcp-ripestat/internal/ripestat/client/client.go:180.33,182.16 2 1
github.com/taihen/mcp-ripestat/internal/ripestat/client/client.go:182.16,182.33 1 1
github.com/taihen/mcp-ripestat/internal/ripestat/client/client.go:183.20,185.19 2 0
github.com/taihen/mcp-ripestat/internal/ripestat/client/client.go:188.2,192.15 3 1
github.com/taihen/mcp-ripestat/internal/ripestat/client/client.go:192.15,194.3 1 1
github.com/taihen/mcp-ripestat/internal/ripestat/client/client.go:196.2,197.16 2 1
github.com/taihen/mcp-ripestat/internal/ripestat/client/client.go:197.16,200.3 2 1
github.com/taihen/mcp-ripestat/internal/ripestat/client/client.go:202.2,202.15 1 1
github.com/taihen/mcp-ripestat/internal/ripestat/client/client.go:202.15,204.3 1 1
github.com/taihen/mcp-ripestat/internal/ripestat/client/client.go:206.2,209.38 3 1
github.com/taihen/mcp-ripestat/internal/ripestat/client/client.go:209.38,212.3 2 1
github.com/taihen/mcp-ripestat/internal/ripestat/client/client.go:214.2,214.66 1 1
github.com/taihen/mcp-ripestat/internal/ripestat/client/client.go:214.66,217.3 2 1
github.com/taihen/mcp-ripestat/internal/ripestat/client/client.go:220.2,220.20 1 1
github.com/taihen/mcp-ripestat/internal/ripestat/client/client.go:220.20,223.3 2 1
github.com/taihen/mcp-ripestat/internal/ripestat/client/client.go:225.2,227.12 2 1
github.com/taihen/mcp-ripestat/internal/ripestat/client/client.go:231.50,233.51 1 1
github.com/taihen/mcp-ripestat/internal/ripestat/client/client.go:233.51,235.3 1 1
github.com/taihen/mcp-ripestat/internal/ripestat/client/client.go:238.2,238.17 1 1
github.com/taihen/mcp-ripestat/internal/ripestat/client/client.go:242.54,244.16 2 1
github.com/taihen/mcp-ripestat/internal/ripestat/client/client.go:244.16,246.3 1 0
github.com/taihen/mcp-ripestat/internal/ripestat/client/client.go:248.2,248.53 1 1
github.com/taihen/mcp-ripestat/internal/ripestat/client/client.go:248.53,250.3 1 0
github.com/taihen/mcp-ripestat/internal/ripestat/client/client.go:252.2,252.12 1 1
