mode: atomic
github.com/taihen/mcp-ripestat/cmd/mcp-ripestat/main.go:28.13,34.22 5 0
github.com/taihen/mcp-ripestat/cmd/mcp-ripestat/main.go:34.22,38.3 3 0
github.com/taihen/mcp-ripestat/cmd/mcp-ripestat/main.go:40.2,42.11 2 0
github.com/taihen/mcp-ripestat/cmd/mcp-ripestat/main.go:42.11,45.3 2 0
github.com/taihen/mcp-ripestat/cmd/mcp-ripestat/main.go:47.2,47.18 1 0
github.com/taihen/mcp-ripestat/cmd/mcp-ripestat/main.go:47.18,50.3 2 0
github.com/taihen/mcp-ripestat/cmd/mcp-ripestat/main.go:52.2,53.12 2 0
github.com/taihen/mcp-ripestat/cmd/mcp-ripestat/main.go:53.12,55.3 1 0
github.com/taihen/mcp-ripestat/cmd/mcp-ripestat/main.go:57.2,61.57 3 0
github.com/taihen/mcp-ripestat/cmd/mcp-ripestat/main.go:61.57,64.3 2 0
github.com/taihen/mcp-ripestat/cmd/mcp-ripestat/main.go:67.50,75.70 4 5
github.com/taihen/mcp-ripestat/cmd/mcp-ripestat/main.go:75.70,77.3 1 0
github.com/taihen/mcp-ripestat/cmd/mcp-ripestat/main.go:79.2,79.96 1 5
github.com/taihen/mcp-ripestat/cmd/mcp-ripestat/main.go:79.96,81.3 1 0
github.com/taihen/mcp-ripestat/cmd/mcp-ripestat/main.go:84.2,87.73 2 5
github.com/taihen/mcp-ripestat/cmd/mcp-ripestat/main.go:87.73,89.3 1 0
github.com/taihen/mcp-ripestat/cmd/mcp-ripestat/main.go:92.2,103.12 5 5
github.com/taihen/mcp-ripestat/cmd/mcp-ripestat/main.go:103.12,107.58 3 5
github.com/taihen/mcp-ripestat/cmd/mcp-ripestat/main.go:107.58,109.4 1 1
github.com/taihen/mcp-ripestat/cmd/mcp-ripestat/main.go:113.2,116.9 3 5
github.com/taihen/mcp-ripestat/cmd/mcp-ripestat/main.go:117.14,118.39 1 0
github.com/taihen/mcp-ripestat/cmd/mcp-ripestat/main.go:119.20,120.67 1 5
github.com/taihen/mcp-ripestat/cmd/mcp-ripestat/main.go:123.2,126.53 3 5
github.com/taihen/mcp-ripestat/cmd/mcp-ripestat/main.go:126.53,128.3 1 0
github.com/taihen/mcp-ripestat/cmd/mcp-ripestat/main.go:130.2,132.12 2 5
github.com/taihen/mcp-ripestat/cmd/mcp-ripestat/main.go:163.62,174.2 4 2
github.com/taihen/mcp-ripestat/cmd/mcp-ripestat/main.go:177.77,180.27 3 14
github.com/taihen/mcp-ripestat/cmd/mcp-ripestat/main.go:180.27,182.3 1 8
github.com/taihen/mcp-ripestat/cmd/mcp-ripestat/main.go:184.2,190.29 3 14
github.com/taihen/mcp-ripestat/cmd/mcp-ripestat/main.go:190.29,194.3 3 2
github.com/taihen/mcp-ripestat/cmd/mcp-ripestat/main.go:197.2,199.18 2 12
github.com/taihen/mcp-ripestat/cmd/mcp-ripestat/main.go:200.22,202.26 1 1
github.com/taihen/mcp-ripestat/cmd/mcp-ripestat/main.go:203.26,205.26 1 1
github.com/taihen/mcp-ripestat/cmd/mcp-ripestat/main.go:206.23,208.19 1 8
github.com/taihen/mcp-ripestat/cmd/mcp-ripestat/main.go:208.19,211.4 2 2
github.com/taihen/mcp-ripestat/cmd/mcp-ripestat/main.go:214.2,216.22 2 12
github.com/taihen/mcp-ripestat/cmd/mcp-ripestat/main.go:216.22,219.36 2 4
github.com/taihen/mcp-ripestat/cmd/mcp-ripestat/main.go:219.36,221.4 1 0
github.com/taihen/mcp-ripestat/cmd/mcp-ripestat/main.go:224.3,228.19 3 4
github.com/taihen/mcp-ripestat/cmd/mcp-ripestat/main.go:229.24,231.45 2 2
github.com/taihen/mcp-ripestat/cmd/mcp-ripestat/main.go:232.23,234.43 2 1
github.com/taihen/mcp-ripestat/cmd/mcp-ripestat/main.go:235.27,237.20 2 1
github.com/taihen/mcp-ripestat/cmd/mcp-ripestat/main.go:238.11,239.68 1 0
github.com/taihen/mcp-ripestat/cmd/mcp-ripestat/main.go:241.8,244.34 2 8
github.com/taihen/mcp-ripestat/cmd/mcp-ripestat/main.go:244.34,247.4 2 2
github.com/taihen/mcp-ripestat/cmd/mcp-ripestat/main.go:248.3,248.37 1 6
github.com/taihen/mcp-ripestat/cmd/mcp-ripestat/main.go:253.74,255.52 1 10
github.com/taihen/mcp-ripestat/cmd/mcp-ripestat/main.go:255.52,256.29 1 6
github.com/taihen/mcp-ripestat/cmd/mcp-ripestat/main.go:256.29,260.4 3 1
github.com/taihen/mcp-ripestat/cmd/mcp-ripestat/main.go:261.3,261.56 1 5
github.com/taihen/mcp-ripestat/cmd/mcp-ripestat/main.go:265.2,266.27 2 9
github.com/taihen/mcp-ripestat/cmd/mcp-ripestat/main.go:266.27,268.3 1 2
github.com/taihen/mcp-ripestat/cmd/mcp-ripestat/main.go:269.2,269.50 1 9
github.com/taihen/mcp-ripestat/cmd/mcp-ripestat/main.go:269.50,273.3 3 1
github.com/taihen/mcp-ripestat/cmd/mcp-ripestat/main.go:274.2,276.13 2 8
github.com/taihen/mcp-ripestat/cmd/mcp-ripestat/main.go:280.40,291.41 2 19
github.com/taihen/mcp-ripestat/cmd/mcp-ripestat/main.go:291.41,292.41 1 54
github.com/taihen/mcp-ripestat/cmd/mcp-ripestat/main.go:292.41,294.4 1 15
github.com/taihen/mcp-ripestat/cmd/mcp-ripestat/main.go:297.2,297.14 1 4
github.com/taihen/mcp-ripestat/cmd/mcp-ripestat/main.go:301.54,307.46 2 15
github.com/taihen/mcp-ripestat/cmd/mcp-ripestat/main.go:307.46,308.27 1 22
github.com/taihen/mcp-ripestat/cmd/mcp-ripestat/main.go:308.27,310.4 1 10
github.com/taihen/mcp-ripestat/cmd/mcp-ripestat/main.go:313.2,313.14 1 5
github.com/taihen/mcp-ripestat/cmd/mcp-ripestat/main.go:317.72,319.21 2 6
github.com/taihen/mcp-ripestat/cmd/mcp-ripestat/main.go:319.21,322.3 2 5
github.com/taihen/mcp-ripestat/cmd/mcp-ripestat/main.go:323.2,323.18 1 6
github.com/taihen/mcp-ripestat/cmd/mcp-ripestat/main.go:327.33,329.44 2 106
github.com/taihen/mcp-ripestat/cmd/mcp-ripestat/main.go:329.44,332.3 1 0
github.com/taihen/mcp-ripestat/cmd/mcp-ripestat/main.go:333.2,333.34 1 106
github.com/taihen/mcp-ripestat/cmd/mcp-ripestat/main.go:337.101,339.16 2 8
github.com/taihen/mcp-ripestat/cmd/mcp-ripestat/main.go:339.16,343.3 3 1
github.com/taihen/mcp-ripestat/cmd/mcp-ripestat/main.go:344.2,355.16 7 7
github.com/taihen/mcp-ripestat/cmd/mcp-ripestat/main.go:355.16,359.3 3 0
github.com/taihen/mcp-ripestat/cmd/mcp-ripestat/main.go:362.2,362.21 1 7
github.com/taihen/mcp-ripestat/cmd/mcp-ripestat/main.go:362.21,365.3 2 3
github.com/taihen/mcp-ripestat/cmd/mcp-ripestat/main.go:367.2,370.60 3 4
github.com/taihen/mcp-ripestat/cmd/mcp-ripestat/main.go:370.60,372.3 1 0
github.com/taihen/mcp-ripestat/cmd/mcp-ripestat/main.go:376.99,381.31 3 1
github.com/taihen/mcp-ripestat/cmd/mcp-ripestat/main.go:381.31,405.61 5 1
github.com/taihen/mcp-ripestat/cmd/mcp-ripestat/main.go:405.61,407.4 1 0
github.com/taihen/mcp-ripestat/cmd/mcp-ripestat/main.go:408.3,408.9 1 1
github.com/taihen/mcp-ripestat/cmd/mcp-ripestat/main.go:412.2,413.16 2 0
github.com/taihen/mcp-ripestat/cmd/mcp-ripestat/main.go:413.16,417.3 3 0
github.com/taihen/mcp-ripestat/cmd/mcp-ripestat/main.go:420.2,428.16 6 0
github.com/taihen/mcp-ripestat/cmd/mcp-ripestat/main.go:428.16,432.3 3 0
github.com/taihen/mcp-ripestat/cmd/mcp-ripestat/main.go:435.2,435.21 1 0
github.com/taihen/mcp-ripestat/cmd/mcp-ripestat/main.go:435.21,438.3 2 0
github.com/taihen/mcp-ripestat/cmd/mcp-ripestat/main.go:440.2,443.60 3 0
github.com/taihen/mcp-ripestat/cmd/mcp-ripestat/main.go:443.60,445.3 1 0
github.com/taihen/mcp-ripestat/cmd/mcp-ripestat/main.go:449.57,451.43 2 4
github.com/taihen/mcp-ripestat/cmd/mcp-ripestat/main.go:451.43,453.3 1 2
github.com/taihen/mcp-ripestat/cmd/mcp-ripestat/main.go:455.2,459.30 4 4
github.com/taihen/mcp-ripestat/cmd/mcp-ripestat/main.go:462.70,467.16 4 7
github.com/taihen/mcp-ripestat/cmd/mcp-ripestat/main.go:467.16,469.3 1 3
github.com/taihen/mcp-ripestat/cmd/mcp-ripestat/main.go:472.76,474.2 1 1
github.com/taihen/mcp-ripestat/cmd/mcp-ripestat/main.go:476.60,483.17 3 1
github.com/taihen/mcp-ripestat/cmd/mcp-ripestat/main.go:483.17,485.3 1 0
github.com/taihen/mcp-ripestat/cmd/mcp-ripestat/main.go:488.81,498.17 3 1
github.com/taihen/mcp-ripestat/cmd/mcp-ripestat/main.go:498.17,500.3 1 0
github.com/taihen/mcp-ripestat/cmd/mcp-ripestat/main.go:504.64,507.2 1 14
github.com/taihen/mcp-ripestat/cmd/mcp-ripestat/main.go:510.88,514.43 2 2
github.com/taihen/mcp-ripestat/cmd/mcp-ripestat/main.go:514.43,518.3 3 1
github.com/taihen/mcp-ripestat/cmd/mcp-ripestat/main.go:521.2,521.36 1 2
github.com/taihen/mcp-ripestat/cmd/mcp-ripestat/main.go:521.36,524.3 2 0
github.com/taihen/mcp-ripestat/cmd/mcp-ripestat/main.go:527.2,527.33 1 2
github.com/taihen/mcp-ripestat/cmd/mcp-ripestat/main.go:527.33,530.3 2 0
github.com/taihen/mcp-ripestat/cmd/mcp-ripestat/main.go:533.2,533.38 1 2
github.com/taihen/mcp-ripestat/cmd/mcp-ripestat/main.go:537.89,539.16 2 2
github.com/taihen/mcp-ripestat/cmd/mcp-ripestat/main.go:539.16,543.3 3 0
github.com/taihen/mcp-ripestat/cmd/mcp-ripestat/main.go:544.2,554.16 6 2
github.com/taihen/mcp-ripestat/cmd/mcp-ripestat/main.go:554.16,558.3 3 0
github.com/taihen/mcp-ripestat/cmd/mcp-ripestat/main.go:561.2,561.21 1 2
github.com/taihen/mcp-ripestat/cmd/mcp-ripestat/main.go:561.21,564.3 2 2
github.com/taihen/mcp-ripestat/cmd/mcp-ripestat/main.go:566.2,569.60 3 0
github.com/taihen/mcp-ripestat/cmd/mcp-ripestat/main.go:569.60,571.3 1 0
github.com/taihen/mcp-ripestat/cmd/mcp-ripestat/main.go:574.61,579.59 4 0
github.com/taihen/mcp-ripestat/cmd/mcp-ripestat/main.go:579.59,581.3 1 0
github.com/taihen/mcp-ripestat/internal/ripestat/config/config.go:58.30,60.21 2 8
github.com/taihen/mcp-ripestat/internal/ripestat/config/config.go:60.21,62.3 1 8
github.com/taihen/mcp-ripestat/internal/ripestat/config/config.go:64.2,72.3 1 8
github.com/taihen/mcp-ripestat/internal/ripestat/config/config.go:76.54,77.19 1 3
github.com/taihen/mcp-ripestat/internal/ripestat/config/config.go:77.19,79.3 1 1
github.com/taihen/mcp-ripestat/internal/ripestat/config/config.go:81.2,84.19 3 2
github.com/taihen/mcp-ripestat/internal/ripestat/config/config.go:88.61,89.18 1 4
github.com/taihen/mcp-ripestat/internal/ripestat/config/config.go:89.18,91.3 1 2
github.com/taihen/mcp-ripestat/internal/ripestat/config/config.go:93.2,96.19 3 2
github.com/taihen/mcp-ripestat/internal/ripestat/config/config.go:100.57,101.20 1 4
github.com/taihen/mcp-ripestat/internal/ripestat/config/config.go:101.20,103.3 1 1
github.com/taihen/mcp-ripestat/internal/ripestat/config/config.go:105.2,108.19 3 3
github.com/taihen/mcp-ripestat/internal/ripestat/config/config.go:112.73,113.24 1 4
github.com/taihen/mcp-ripestat/internal/ripestat/config/config.go:113.24,115.3 1 2
github.com/taihen/mcp-ripestat/internal/ripestat/config/config.go:117.2,120.19 3 2
github.com/taihen/mcp-ripestat/internal/ripestat/config/config.go:124.79,125.27 1 4
github.com/taihen/mcp-ripestat/internal/ripestat/config/config.go:125.27,127.3 1 2
github.com/taihen/mcp-ripestat/internal/ripestat/config/config.go:129.2,132.19 3 2
github.com/taihen/mcp-ripestat/internal/ripestat/config/config.go:136.58,137.21 1 3
github.com/taihen/mcp-ripestat/internal/ripestat/config/config.go:137.21,139.3 1 1
github.com/taihen/mcp-ripestat/internal/ripestat/config/config.go:141.2,144.19 3 2
github.com/taihen/mcp-ripestat/internal/ripestat/config/config.go:148.58,149.21 1 0
github.com/taihen/mcp-ripestat/internal/ripestat/config/config.go:149.21,151.3 1 0
github.com/taihen/mcp-ripestat/internal/ripestat/config/config.go:153.2,156.19 3 0
github.com/taihen/mcp-ripestat/internal/ripestat/asoverview/asoverview.go:24.42,25.14 1 8
github.com/taihen/mcp-ripestat/internal/ripestat/asoverview/asoverview.go:25.14,27.3 1 2
github.com/taihen/mcp-ripestat/internal/ripestat/asoverview/asoverview.go:29.2,29.27 1 8
github.com/taihen/mcp-ripestat/internal/ripestat/asoverview/asoverview.go:33.30,35.2 1 2
github.com/taihen/mcp-ripestat/internal/ripestat/asoverview/asoverview.go:38.79,39.20 1 8
github.com/taihen/mcp-ripestat/internal/ripestat/asoverview/asoverview.go:39.20,41.3 1 2
github.com/taihen/mcp-ripestat/internal/ripestat/asoverview/asoverview.go:43.2,47.79 4 6
github.com/taihen/mcp-ripestat/internal/ripestat/asoverview/asoverview.go:47.79,49.3 1 3
github.com/taihen/mcp-ripestat/internal/ripestat/asoverview/asoverview.go:51.2,51.23 1 3
github.com/taihen/mcp-ripestat/internal/ripestat/asoverview/asoverview.go:55.77,57.2 1 1
github.com/taihen/mcp-ripestat/internal/ripestat/abusecontactfinder/abusecontactfinder.go:24.42,25.14 1 12
github.com/taihen/mcp-ripestat/internal/ripestat/abusecontactfinder/abusecontactfinder.go:25.14,27.3 1 3
github.com/taihen/mcp-ripestat/internal/ripestat/abusecontactfinder/abusecontactfinder.go:29.2,29.27 1 12
github.com/taihen/mcp-ripestat/internal/ripestat/abusecontactfinder/abusecontactfinder.go:33.30,35.2 1 3
github.com/taihen/mcp-ripestat/internal/ripestat/abusecontactfinder/abusecontactfinder.go:38.82,39.20 1 10
github.com/taihen/mcp-ripestat/internal/ripestat/abusecontactfinder/abusecontactfinder.go:39.20,41.3 1 3
github.com/taihen/mcp-ripestat/internal/ripestat/abusecontactfinder/abusecontactfinder.go:43.2,47.79 4 7
github.com/taihen/mcp-ripestat/internal/ripestat/abusecontactfinder/abusecontactfinder.go:47.79,49.3 1 1
github.com/taihen/mcp-ripestat/internal/ripestat/abusecontactfinder/abusecontactfinder.go:52.2,58.33 2 6
github.com/taihen/mcp-ripestat/internal/ripestat/abusecontactfinder/abusecontactfinder.go:58.33,60.3 1 1
github.com/taihen/mcp-ripestat/internal/ripestat/abusecontactfinder/abusecontactfinder.go:62.2,62.25 1 6
github.com/taihen/mcp-ripestat/internal/ripestat/abusecontactfinder/abusecontactfinder.go:66.88,68.2 1 1
github.com/taihen/mcp-ripestat/internal/ripestat/announcedprefixes/announcedprefixes.go:24.42,25.14 1 8
github.com/taihen/mcp-ripestat/internal/ripestat/announcedprefixes/announcedprefixes.go:25.14,27.3 1 2
github.com/taihen/mcp-ripestat/internal/ripestat/announcedprefixes/announcedprefixes.go:29.2,29.27 1 8
github.com/taihen/mcp-ripestat/internal/ripestat/announcedprefixes/announcedprefixes.go:33.30,35.2 1 2
github.com/taihen/mcp-ripestat/internal/ripestat/announcedprefixes/announcedprefixes.go:38.79,39.20 1 8
github.com/taihen/mcp-ripestat/internal/ripestat/announcedprefixes/announcedprefixes.go:39.20,41.3 1 2
github.com/taihen/mcp-ripestat/internal/ripestat/announcedprefixes/announcedprefixes.go:43.2,47.79 4 6
github.com/taihen/mcp-ripestat/internal/ripestat/announcedprefixes/announcedprefixes.go:47.79,49.3 1 3
github.com/taihen/mcp-ripestat/internal/ripestat/announcedprefixes/announcedprefixes.go:51.2,51.23 1 3
github.com/taihen/mcp-ripestat/internal/ripestat/announcedprefixes/announcedprefixes.go:55.84,57.2 1 1
github.com/taihen/mcp-ripestat/internal/ripestat/cache/cache.go:46.19,48.2 1 8
github.com/taihen/mcp-ripestat/internal/ripestat/cache/cache.go:51.56,55.2 1 12
github.com/taihen/mcp-ripestat/internal/ripestat/cache/cache.go:58.61,61.21 2 27
github.com/taihen/mcp-ripestat/internal/ripestat/cache/cache.go:61.21,63.3 1 27
github.com/taihen/mcp-ripestat/internal/ripestat/cache/cache.go:66.2,67.36 2 27
github.com/taihen/mcp-ripestat/internal/ripestat/cache/cache.go:71.46,73.51 1 19
github.com/taihen/mcp-ripestat/internal/ripestat/cache/cache.go:73.51,75.3 1 17
github.com/taihen/mcp-ripestat/internal/ripestat/cache/cache.go:78.2,78.17 1 2
github.com/taihen/mcp-ripestat/internal/ripestat/cache/cache.go:82.96,85.39 2 8
github.com/taihen/mcp-ripestat/internal/ripestat/cache/cache.go:85.39,86.37 1 6
github.com/taihen/mcp-ripestat/internal/ripestat/cache/cache.go:86.37,87.42 1 6
github.com/taihen/mcp-ripestat/internal/ripestat/cache/cache.go:87.42,89.5 1 5
github.com/taihen/mcp-ripestat/internal/ripestat/cache/cache.go:91.4,91.22 1 1
github.com/taihen/mcp-ripestat/internal/ripestat/cache/cache.go:95.2,95.19 1 3
github.com/taihen/mcp-ripestat/internal/ripestat/cache/cache.go:99.94,107.13 6 15
github.com/taihen/mcp-ripestat/internal/ripestat/cache/cache.go:107.13,110.3 1 0
github.com/taihen/mcp-ripestat/internal/ripestat/cache/cache.go:112.2,117.26 2 15
github.com/taihen/mcp-ripestat/internal/ripestat/cache/cache.go:121.60,124.2 2 1
github.com/taihen/mcp-ripestat/internal/ripestat/cache/cache.go:127.25,128.45 1 1
github.com/taihen/mcp-ripestat/internal/ripestat/cache/cache.go:128.45,131.3 2 5
github.com/taihen/mcp-ripestat/internal/ripestat/cache/cache.go:135.31,139.47 3 6
github.com/taihen/mcp-ripestat/internal/ripestat/cache/cache.go:139.47,141.37 2 11
github.com/taihen/mcp-ripestat/internal/ripestat/cache/cache.go:141.37,142.34 1 11
github.com/taihen/mcp-ripestat/internal/ripestat/cache/cache.go:142.34,144.5 1 1
github.com/taihen/mcp-ripestat/internal/ripestat/cache/cache.go:146.3,146.14 1 11
github.com/taihen/mcp-ripestat/internal/ripestat/cache/cache.go:149.2,153.3 1 6
github.com/taihen/mcp-ripestat/internal/ripestat/cache/cache.go:164.38,168.49 3 1
github.com/taihen/mcp-ripestat/internal/ripestat/cache/cache.go:168.49,169.37 1 2
github.com/taihen/mcp-ripestat/internal/ripestat/cache/cache.go:169.37,170.34 1 2
github.com/taihen/mcp-ripestat/internal/ripestat/cache/cache.go:170.34,173.5 2 1
github.com/taihen/mcp-ripestat/internal/ripestat/cache/cache.go:175.3,175.14 1 2
github.com/taihen/mcp-ripestat/internal/ripestat/cache/cache.go:178.2,178.16 1 1
github.com/taihen/mcp-ripestat/internal/ripestat/cache/cache.go:182.64,186.2 3 1
github.com/taihen/mcp-ripestat/internal/ripestat/cache/cache.go:189.67,194.2 4 3
github.com/taihen/mcp-ripestat/internal/ripestat/cache/cache.go:197.33,201.2 2 1
github.com/taihen/mcp-ripestat/internal/ripestat/asnneighbours/asnneighbours.go:44.42,45.14 1 18
github.com/taihen/mcp-ripestat/internal/ripestat/asnneighbours/asnneighbours.go:45.14,47.3 1 6
github.com/taihen/mcp-ripestat/internal/ripestat/asnneighbours/asnneighbours.go:49.2,52.3 1 18
github.com/taihen/mcp-ripestat/internal/ripestat/asnneighbours/asnneighbours.go:56.30,58.2 1 5
github.com/taihen/mcp-ripestat/internal/ripestat/asnneighbours/asnneighbours.go:61.109,62.20 1 18
github.com/taihen/mcp-ripestat/internal/ripestat/asnneighbours/asnneighbours.go:62.20,64.3 1 3
github.com/taihen/mcp-ripestat/internal/ripestat/asnneighbours/asnneighbours.go:66.2,66.24 1 15
github.com/taihen/mcp-ripestat/internal/ripestat/asnneighbours/asnneighbours.go:66.24,68.3 1 4
github.com/taihen/mcp-ripestat/internal/ripestat/asnneighbours/asnneighbours.go:71.2,77.47 2 11
github.com/taihen/mcp-ripestat/internal/ripestat/asnneighbours/asnneighbours.go:77.47,79.3 1 1
github.com/taihen/mcp-ripestat/internal/ripestat/asnneighbours/asnneighbours.go:81.2,85.21 4 10
github.com/taihen/mcp-ripestat/internal/ripestat/asnneighbours/asnneighbours.go:85.21,87.3 1 2
github.com/taihen/mcp-ripestat/internal/ripestat/asnneighbours/asnneighbours.go:89.2,90.79 2 10
github.com/taihen/mcp-ripestat/internal/ripestat/asnneighbours/asnneighbours.go:90.79,92.3 1 1
github.com/taihen/mcp-ripestat/internal/ripestat/asnneighbours/asnneighbours.go:95.2,104.35 2 9
github.com/taihen/mcp-ripestat/internal/ripestat/asnneighbours/asnneighbours.go:104.35,106.3 1 1
github.com/taihen/mcp-ripestat/internal/ripestat/asnneighbours/asnneighbours.go:109.2,111.25 2 9
github.com/taihen/mcp-ripestat/internal/ripestat/asnneighbours/asnneighbours.go:115.55,120.13 4 12
github.com/taihen/mcp-ripestat/internal/ripestat/asnneighbours/asnneighbours.go:120.13,122.3 1 10
github.com/taihen/mcp-ripestat/internal/ripestat/asnneighbours/asnneighbours.go:125.2,125.44 1 2
github.com/taihen/mcp-ripestat/internal/ripestat/asnneighbours/asnneighbours.go:125.44,129.3 2 1
github.com/taihen/mcp-ripestat/internal/ripestat/asnneighbours/asnneighbours.go:131.2,131.23 1 1
github.com/taihen/mcp-ripestat/internal/ripestat/asnneighbours/asnneighbours.go:135.65,143.2 3 10
github.com/taihen/mcp-ripestat/internal/ripestat/asnneighbours/asnneighbours.go:146.38,151.34 4 1
github.com/taihen/mcp-ripestat/internal/ripestat/asnneighbours/asnneighbours.go:151.34,152.42 1 2
github.com/taihen/mcp-ripestat/internal/ripestat/asnneighbours/asnneighbours.go:152.42,154.4 1 1
github.com/taihen/mcp-ripestat/internal/ripestat/asnneighbours/asnneighbours.go:159.110,161.2 1 4
github.com/taihen/mcp-ripestat/internal/ripestat/bgplay/bgplay.go:18.36,20.2 1 8
github.com/taihen/mcp-ripestat/internal/ripestat/bgplay/bgplay.go:24.79,25.20 1 7
github.com/taihen/mcp-ripestat/internal/ripestat/bgplay/bgplay.go:25.20,27.3 1 2
github.com/taihen/mcp-ripestat/internal/ripestat/bgplay/bgplay.go:29.2,35.75 5 5
github.com/taihen/mcp-ripestat/internal/ripestat/bgplay/bgplay.go:35.75,37.3 1 3
github.com/taihen/mcp-ripestat/internal/ripestat/bgplay/bgplay.go:39.2,39.23 1 2
github.com/taihen/mcp-ripestat/internal/ripestat/bgplay/bgplay.go:43.30,45.2 1 2
github.com/taihen/mcp-ripestat/internal/ripestat/bgplay/bgplay.go:48.73,50.2 1 1
github.com/taihen/mcp-ripestat/internal/ripestat/countryasns/countryasns.go:25.42,26.14 1 9
github.com/taihen/mcp-ripestat/internal/ripestat/countryasns/countryasns.go:26.14,28.3 1 6
github.com/taihen/mcp-ripestat/internal/ripestat/countryasns/countryasns.go:30.2,30.27 1 9
github.com/taihen/mcp-ripestat/internal/ripestat/countryasns/countryasns.go:34.30,36.2 1 5
github.com/taihen/mcp-ripestat/internal/ripestat/countryasns/countryasns.go:44.97,45.20 1 7
github.com/taihen/mcp-ripestat/internal/ripestat/countryasns/countryasns.go:45.20,47.3 1 2
github.com/taihen/mcp-ripestat/internal/ripestat/countryasns/countryasns.go:49.2,52.34 3 5
github.com/taihen/mcp-ripestat/internal/ripestat/countryasns/countryasns.go:52.34,53.35 1 3
github.com/taihen/mcp-ripestat/internal/ripestat/countryasns/countryasns.go:53.35,55.4 1 2
github.com/taihen/mcp-ripestat/internal/ripestat/countryasns/countryasns.go:56.3,56.44 1 1
github.com/taihen/mcp-ripestat/internal/ripestat/countryasns/countryasns.go:59.2,60.79 2 3
github.com/taihen/mcp-ripestat/internal/ripestat/countryasns/countryasns.go:60.79,62.3 1 1
github.com/taihen/mcp-ripestat/internal/ripestat/countryasns/countryasns.go:64.2,64.23 1 2
github.com/taihen/mcp-ripestat/internal/ripestat/countryasns/countryasns.go:68.96,70.2 1 2
github.com/taihen/mcp-ripestat/internal/ripestat/errors/errors.go:27.54,32.2 1 12
github.com/taihen/mcp-ripestat/internal/ripestat/errors/errors.go:35.45,36.16 1 11
github.com/taihen/mcp-ripestat/internal/ripestat/errors/errors.go:36.16,38.3 1 1
github.com/taihen/mcp-ripestat/internal/ripestat/errors/errors.go:40.2,44.3 1 10
github.com/taihen/mcp-ripestat/internal/ripestat/errors/errors.go:48.32,49.18 1 9
github.com/taihen/mcp-ripestat/internal/ripestat/errors/errors.go:49.18,51.3 1 8
github.com/taihen/mcp-ripestat/internal/ripestat/errors/errors.go:53.2,53.18 1 1
github.com/taihen/mcp-ripestat/internal/ripestat/errors/errors.go:57.32,59.2 1 2
github.com/taihen/mcp-ripestat/internal/ripestat/errors/errors.go:62.73,65.25 2 7
github.com/taihen/mcp-ripestat/internal/ripestat/errors/errors.go:66.29,67.32 1 1
github.com/taihen/mcp-ripestat/internal/ripestat/errors/errors.go:68.31,69.28 1 1
github.com/taihen/mcp-ripestat/internal/ripestat/errors/errors.go:70.28,71.25 1 1
github.com/taihen/mcp-ripestat/internal/ripestat/errors/errors.go:72.27,73.24 1 1
github.com/taihen/mcp-ripestat/internal/ripestat/errors/errors.go:74.33,75.23 1 1
github.com/taihen/mcp-ripestat/internal/ripestat/errors/errors.go:76.10,77.29 1 2
github.com/taihen/mcp-ripestat/internal/ripestat/errors/errors.go:77.29,79.4 1 1
github.com/taihen/mcp-ripestat/internal/ripestat/errors/errors.go:79.9,81.4 1 1
github.com/taihen/mcp-ripestat/internal/ripestat/errors/errors.go:84.2,84.74 1 7
github.com/taihen/mcp-ripestat/internal/ripestat/logging/logging.go:29.35,30.11 1 6
github.com/taihen/mcp-ripestat/internal/ripestat/logging/logging.go:31.21,32.17 1 1
github.com/taihen/mcp-ripestat/internal/ripestat/logging/logging.go:33.20,34.16 1 1
github.com/taihen/mcp-ripestat/internal/ripestat/logging/logging.go:35.23,36.19 1 1
github.com/taihen/mcp-ripestat/internal/ripestat/logging/logging.go:37.21,38.17 1 1
github.com/taihen/mcp-ripestat/internal/ripestat/logging/logging.go:39.20,40.16 1 1
github.com/taihen/mcp-ripestat/internal/ripestat/logging/logging.go:41.10,42.39 1 1
github.com/taihen/mcp-ripestat/internal/ripestat/logging/logging.go:59.58,60.19 1 9
github.com/taihen/mcp-ripestat/internal/ripestat/logging/logging.go:60.19,62.3 1 2
github.com/taihen/mcp-ripestat/internal/ripestat/logging/logging.go:64.2,71.3 1 9
github.com/taihen/mcp-ripestat/internal/ripestat/logging/logging.go:75.43,79.2 3 6
github.com/taihen/mcp-ripestat/internal/ripestat/logging/logging.go:82.38,87.2 3 19
github.com/taihen/mcp-ripestat/internal/ripestat/logging/logging.go:90.57,91.35 1 6
github.com/taihen/mcp-ripestat/internal/ripestat/logging/logging.go:91.35,95.3 3 4
github.com/taihen/mcp-ripestat/internal/ripestat/logging/logging.go:99.56,100.34 1 4
github.com/taihen/mcp-ripestat/internal/ripestat/logging/logging.go:100.34,104.3 3 3
github.com/taihen/mcp-ripestat/internal/ripestat/logging/logging.go:108.59,109.37 1 3
github.com/taihen/mcp-ripestat/internal/ripestat/logging/logging.go:109.37,113.3 3 2
github.com/taihen/mcp-ripestat/internal/ripestat/logging/logging.go:117.57,118.35 1 4
github.com/taihen/mcp-ripestat/internal/ripestat/logging/logging.go:118.35,122.3 3 3
github.com/taihen/mcp-ripestat/internal/ripestat/logging/logging.go:129.41,131.2 1 1
github.com/taihen/mcp-ripestat/internal/ripestat/logging/logging.go:134.45,136.2 1 3
github.com/taihen/mcp-ripestat/internal/ripestat/logging/logging.go:139.44,141.2 1 1
github.com/taihen/mcp-ripestat/internal/ripestat/logging/logging.go:144.47,146.2 1 1
github.com/taihen/mcp-ripestat/internal/ripestat/logging/logging.go:149.45,151.2 1 2
github.com/taihen/mcp-ripestat/internal/ripestat/metrics/metrics.go:39.13,41.2 1 1
github.com/taihen/mcp-ripestat/internal/ripestat/metrics/metrics.go:44.28,61.2 2 1
github.com/taihen/mcp-ripestat/internal/ripestat/metrics/metrics.go:66.45,72.2 3 2
github.com/taihen/mcp-ripestat/internal/ripestat/metrics/metrics.go:75.27,79.45 2 2
github.com/taihen/mcp-ripestat/internal/ripestat/metrics/metrics.go:79.45,82.3 2 0
github.com/taihen/mcp-ripestat/internal/ripestat/metrics/metrics.go:84.2,88.46 3 2
github.com/taihen/mcp-ripestat/internal/ripestat/metrics/metrics.go:92.21,95.2 2 19
github.com/taihen/mcp-ripestat/internal/ripestat/metrics/metrics.go:98.58,105.2 4 19
github.com/taihen/mcp-ripestat/internal/ripestat/metrics/metrics.go:108.23,110.2 1 13
github.com/taihen/mcp-ripestat/internal/ripestat/metrics/metrics.go:113.24,115.2 1 2
github.com/taihen/mcp-ripestat/internal/ripestat/metrics/metrics.go:118.43,121.2 2 1
github.com/taihen/mcp-ripestat/internal/ripestat/metrics/metrics.go:124.28,126.2 1 3
github.com/taihen/mcp-ripestat/internal/ripestat/metrics/metrics.go:129.31,131.2 1 1
github.com/taihen/mcp-ripestat/internal/ripestat/metrics/metrics.go:134.28,136.2 1 2
github.com/taihen/mcp-ripestat/internal/ripestat/metrics/metrics.go:139.31,141.2 1 11
github.com/taihen/mcp-ripestat/internal/ripestat/metrics/metrics.go:144.35,147.45 2 1
github.com/taihen/mcp-ripestat/internal/ripestat/metrics/metrics.go:147.45,150.3 2 0
github.com/taihen/mcp-ripestat/internal/ripestat/metrics/metrics.go:152.2,152.48 1 1
github.com/taihen/mcp-ripestat/internal/ripestat/metrics/metrics.go:156.39,167.2 1 1
github.com/taihen/mcp-ripestat/internal/ripestat/lookingglass/lookingglass.go:28.42,29.14 1 20
github.com/taihen/mcp-ripestat/internal/ripestat/lookingglass/lookingglass.go:29.14,31.3 1 7
github.com/taihen/mcp-ripestat/internal/ripestat/lookingglass/lookingglass.go:33.2,33.27 1 20
github.com/taihen/mcp-ripestat/internal/ripestat/lookingglass/lookingglass.go:37.30,39.2 1 5
github.com/taihen/mcp-ripestat/internal/ripestat/lookingglass/lookingglass.go:42.101,43.20 1 18
github.com/taihen/mcp-ripestat/internal/ripestat/lookingglass/lookingglass.go:43.20,45.3 1 3
github.com/taihen/mcp-ripestat/internal/ripestat/lookingglass/lookingglass.go:47.2,47.23 1 15
github.com/taihen/mcp-ripestat/internal/ripestat/lookingglass/lookingglass.go:47.23,49.3 1 3
github.com/taihen/mcp-ripestat/internal/ripestat/lookingglass/lookingglass.go:51.2,51.38 1 12
github.com/taihen/mcp-ripestat/internal/ripestat/lookingglass/lookingglass.go:51.38,53.3 1 3
github.com/taihen/mcp-ripestat/internal/ripestat/lookingglass/lookingglass.go:55.2,57.23 3 9
github.com/taihen/mcp-ripestat/internal/ripestat/lookingglass/lookingglass.go:57.23,59.3 1 9
github.com/taihen/mcp-ripestat/internal/ripestat/lookingglass/lookingglass.go:61.2,62.79 2 9
github.com/taihen/mcp-ripestat/internal/ripestat/lookingglass/lookingglass.go:62.79,64.3 1 3
github.com/taihen/mcp-ripestat/internal/ripestat/lookingglass/lookingglass.go:67.2,73.29 2 6
github.com/taihen/mcp-ripestat/internal/ripestat/lookingglass/lookingglass.go:73.29,75.3 1 1
github.com/taihen/mcp-ripestat/internal/ripestat/lookingglass/lookingglass.go:77.2,77.25 1 6
github.com/taihen/mcp-ripestat/internal/ripestat/lookingglass/lookingglass.go:81.101,83.2 1 1
github.com/taihen/mcp-ripestat/internal/ripestat/module/module.go:35.112,36.24 1 8
github.com/taihen/mcp-ripestat/internal/ripestat/module/module.go:36.24,38.3 1 7
github.com/taihen/mcp-ripestat/internal/ripestat/module/module.go:39.2,39.23 1 8
github.com/taihen/mcp-ripestat/internal/ripestat/module/module.go:39.23,41.3 1 7
github.com/taihen/mcp-ripestat/internal/ripestat/module/module.go:43.2,48.3 1 8
github.com/taihen/mcp-ripestat/internal/ripestat/module/module.go:52.36,54.2 1 7
github.com/taihen/mcp-ripestat/internal/ripestat/module/module.go:57.44,59.2 1 1
github.com/taihen/mcp-ripestat/internal/ripestat/module/module.go:62.46,64.2 1 2
github.com/taihen/mcp-ripestat/internal/ripestat/module/module.go:67.43,69.2 1 2
github.com/taihen/mcp-ripestat/internal/ripestat/module/module.go:78.30,83.2 1 6
github.com/taihen/mcp-ripestat/internal/ripestat/module/module.go:86.44,89.2 2 6
github.com/taihen/mcp-ripestat/internal/ripestat/module/module.go:92.58,95.2 2 4
github.com/taihen/mcp-ripestat/internal/ripestat/module/module.go:98.65,101.2 2 3
github.com/taihen/mcp-ripestat/internal/ripestat/module/module.go:104.43,106.30 2 3
github.com/taihen/mcp-ripestat/internal/ripestat/module/module.go:106.30,108.3 1 3
github.com/taihen/mcp-ripestat/internal/ripestat/module/module.go:109.2,109.14 1 3
github.com/taihen/mcp-ripestat/internal/ripestat/module/module.go:113.43,115.33 2 3
github.com/taihen/mcp-ripestat/internal/ripestat/module/module.go:115.33,117.3 1 6
github.com/taihen/mcp-ripestat/internal/ripestat/module/module.go:118.2,118.16 1 3
github.com/taihen/mcp-ripestat/internal/ripestat/networkinfo/module.go:21.67,25.2 1 5
github.com/taihen/mcp-ripestat/internal/ripestat/networkinfo/module.go:28.73,30.2 1 1
github.com/taihen/mcp-ripestat/internal/ripestat/networkinfo/module.go:33.101,36.9 2 5
github.com/taihen/mcp-ripestat/internal/ripestat/networkinfo/module.go:36.9,38.3 1 2
github.com/taihen/mcp-ripestat/internal/ripestat/networkinfo/module.go:40.2,41.27 2 3
github.com/taihen/mcp-ripestat/internal/ripestat/networkinfo/module.go:41.27,43.3 1 3
github.com/taihen/mcp-ripestat/internal/ripestat/networkinfo/module.go:46.2,51.88 4 0
github.com/taihen/mcp-ripestat/internal/ripestat/networkinfo/module.go:51.88,53.3 1 0
github.com/taihen/mcp-ripestat/internal/ripestat/networkinfo/module.go:55.2,55.23 1 0
github.com/taihen/mcp-ripestat/internal/ripestat/networkinfo/networkinfo.go:24.42,25.14 1 8
github.com/taihen/mcp-ripestat/internal/ripestat/networkinfo/networkinfo.go:25.14,27.3 1 2
github.com/taihen/mcp-ripestat/internal/ripestat/networkinfo/networkinfo.go:29.2,29.27 1 8
github.com/taihen/mcp-ripestat/internal/ripestat/networkinfo/networkinfo.go:33.30,35.2 1 2
github.com/taihen/mcp-ripestat/internal/ripestat/networkinfo/networkinfo.go:38.79,39.20 1 8
github.com/taihen/mcp-ripestat/internal/ripestat/networkinfo/networkinfo.go:39.20,41.3 1 2
github.com/taihen/mcp-ripestat/internal/ripestat/networkinfo/networkinfo.go:43.2,47.79 4 6
github.com/taihen/mcp-ripestat/internal/ripestat/networkinfo/networkinfo.go:47.79,49.3 1 3
github.com/taihen/mcp-ripestat/internal/ripestat/networkinfo/networkinfo.go:52.2,52.41 1 3
github.com/taihen/mcp-ripestat/internal/ripestat/networkinfo/networkinfo.go:52.41,53.33 1 3
github.com/taihen/mcp-ripestat/internal/ripestat/networkinfo/networkinfo.go:53.33,56.4 1 1
github.com/taihen/mcp-ripestat/internal/ripestat/networkinfo/networkinfo.go:59.2,59.23 1 3
github.com/taihen/mcp-ripestat/internal/ripestat/networkinfo/networkinfo.go:63.78,65.2 1 1
github.com/taihen/mcp-ripestat/internal/ripestat/prefixroutingconsistency/prefixroutingconsistency.go:24.42,25.14 1 10
github.com/taihen/mcp-ripestat/internal/ripestat/prefixroutingconsistency/prefixroutingconsistency.go:25.14,27.3 1 4
github.com/taihen/mcp-ripestat/internal/ripestat/prefixroutingconsistency/prefixroutingconsistency.go:29.2,29.27 1 10
github.com/taihen/mcp-ripestat/internal/ripestat/prefixroutingconsistency/prefixroutingconsistency.go:33.30,35.2 1 3
github.com/taihen/mcp-ripestat/internal/ripestat/prefixroutingconsistency/prefixroutingconsistency.go:38.79,39.20 1 8
github.com/taihen/mcp-ripestat/internal/ripestat/prefixroutingconsistency/prefixroutingconsistency.go:39.20,41.3 1 2
github.com/taihen/mcp-ripestat/internal/ripestat/prefixroutingconsistency/prefixroutingconsistency.go:43.2,47.79 4 6
github.com/taihen/mcp-ripestat/internal/ripestat/prefixroutingconsistency/prefixroutingconsistency.go:47.79,49.3 1 3
github.com/taihen/mcp-ripestat/internal/ripestat/prefixroutingconsistency/prefixroutingconsistency.go:51.2,51.23 1 3
github.com/taihen/mcp-ripestat/internal/ripestat/prefixroutingconsistency/prefixroutingconsistency.go:55.91,57.2 1 1
github.com/taihen/mcp-ripestat/internal/ripestat/routingstatus/routingstatus.go:24.42,25.14 1 8
github.com/taihen/mcp-ripestat/internal/ripestat/routingstatus/routingstatus.go:25.14,27.3 1 2
github.com/taihen/mcp-ripestat/internal/ripestat/routingstatus/routingstatus.go:29.2,29.27 1 8
github.com/taihen/mcp-ripestat/internal/ripestat/routingstatus/routingstatus.go:33.30,35.2 1 2
github.com/taihen/mcp-ripestat/internal/ripestat/routingstatus/routingstatus.go:38.79,39.20 1 8
github.com/taihen/mcp-ripestat/internal/ripestat/routingstatus/routingstatus.go:39.20,41.3 1 2
github.com/taihen/mcp-ripestat/internal/ripestat/routingstatus/routingstatus.go:43.2,47.79 4 6
github.com/taihen/mcp-ripestat/internal/ripestat/routingstatus/routingstatus.go:47.79,49.3 1 3
github.com/taihen/mcp-ripestat/internal/ripestat/routingstatus/routingstatus.go:51.2,51.23 1 3
github.com/taihen/mcp-ripestat/internal/ripestat/routingstatus/routingstatus.go:55.80,57.2 1 1
github.com/taihen/mcp-ripestat/internal/ripestat/rpkivalidation/rpkivalidation.go:24.42,25.14 1 12
github.com/taihen/mcp-ripestat/internal/ripestat/rpkivalidation/rpkivalidation.go:25.14,27.3 1 4
github.com/taihen/mcp-ripestat/internal/ripestat/rpkivalidation/rpkivalidation.go:29.2,29.27 1 12
github.com/taihen/mcp-ripestat/internal/ripestat/rpkivalidation/rpkivalidation.go:33.30,35.2 1 3
github.com/taihen/mcp-ripestat/internal/ripestat/rpkivalidation/rpkivalidation.go:38.90,39.20 1 9
github.com/taihen/mcp-ripestat/internal/ripestat/rpkivalidation/rpkivalidation.go:39.20,41.3 1 2
github.com/taihen/mcp-ripestat/internal/ripestat/rpkivalidation/rpkivalidation.go:43.2,43.18 1 7
github.com/taihen/mcp-ripestat/internal/ripestat/rpkivalidation/rpkivalidation.go:43.18,45.3 1 2
github.com/taihen/mcp-ripestat/internal/ripestat/rpkivalidation/rpkivalidation.go:47.2,52.79 5 5
github.com/taihen/mcp-ripestat/internal/ripestat/rpkivalidation/rpkivalidation.go:52.79,54.3 1 1
github.com/taihen/mcp-ripestat/internal/ripestat/rpkivalidation/rpkivalidation.go:57.2,67.39 2 4
github.com/taihen/mcp-ripestat/internal/ripestat/rpkivalidation/rpkivalidation.go:67.39,69.3 1 1
github.com/taihen/mcp-ripestat/internal/ripestat/rpkivalidation/rpkivalidation.go:71.2,71.25 1 4
github.com/taihen/mcp-ripestat/internal/ripestat/rpkivalidation/rpkivalidation.go:75.92,77.2 1 2
github.com/taihen/mcp-ripestat/internal/ripestat/types/types.go:32.56,37.28 2 6
github.com/taihen/mcp-ripestat/internal/ripestat/types/types.go:37.28,39.3 1 2
github.com/taihen/mcp-ripestat/internal/ripestat/types/types.go:42.2,43.16 2 4
github.com/taihen/mcp-ripestat/internal/ripestat/types/types.go:43.16,46.3 2 1
github.com/taihen/mcp-ripestat/internal/ripestat/types/types.go:50.2,55.33 2 3
github.com/taihen/mcp-ripestat/internal/ripestat/types/types.go:55.33,57.17 2 5
github.com/taihen/mcp-ripestat/internal/ripestat/types/types.go:57.17,60.4 2 2
github.com/taihen/mcp-ripestat/internal/ripestat/types/types.go:64.2,64.12 1 1
github.com/taihen/mcp-ripestat/internal/ripestat/util/util.go:13.34,14.14 1 19
github.com/taihen/mcp-ripestat/internal/ripestat/util/util.go:14.14,16.3 1 2
github.com/taihen/mcp-ripestat/internal/ripestat/util/util.go:18.2,19.21 2 17
github.com/taihen/mcp-ripestat/internal/ripestat/util/util.go:19.21,21.3 1 7
github.com/taihen/mcp-ripestat/internal/ripestat/util/util.go:24.2,24.30 1 10
github.com/taihen/mcp-ripestat/internal/ripestat/util/util.go:28.34,29.14 1 15
github.com/taihen/mcp-ripestat/internal/ripestat/util/util.go:29.14,31.3 1 2
github.com/taihen/mcp-ripestat/internal/ripestat/util/util.go:33.2,34.21 2 13
github.com/taihen/mcp-ripestat/internal/ripestat/util/util.go:34.21,36.3 1 5
github.com/taihen/mcp-ripestat/internal/ripestat/util/util.go:39.2,39.30 1 8
github.com/taihen/mcp-ripestat/internal/ripestat/util/util.go:43.32,45.2 1 8
github.com/taihen/mcp-ripestat/internal/ripestat/util/util.go:48.36,49.16 1 8
github.com/taihen/mcp-ripestat/internal/ripestat/util/util.go:49.16,51.3 1 1
github.com/taihen/mcp-ripestat/internal/ripestat/util/util.go:53.2,55.19 2 7
github.com/taihen/mcp-ripestat/internal/ripestat/util/util.go:60.34,61.15 1 10
github.com/taihen/mcp-ripestat/internal/ripestat/util/util.go:61.15,63.3 1 1
github.com/taihen/mcp-ripestat/internal/ripestat/util/util.go:66.2,71.34 3 9
github.com/taihen/mcp-ripestat/internal/ripestat/util/util.go:75.35,76.15 1 4
github.com/taihen/mcp-ripestat/internal/ripestat/util/util.go:76.15,78.3 1 1
github.com/taihen/mcp-ripestat/internal/ripestat/util/util.go:81.2,84.19 2 3
github.com/taihen/mcp-ripestat/internal/ripestat/util/util.go:89.52,90.18 1 6
github.com/taihen/mcp-ripestat/internal/ripestat/util/util.go:90.18,92.3 1 1
github.com/taihen/mcp-ripestat/internal/ripestat/util/util.go:94.2,94.25 1 6
github.com/taihen/mcp-ripestat/internal/ripestat/util/util.go:99.60,100.18 1 5
github.com/taihen/mcp-ripestat/internal/ripestat/util/util.go:100.18,102.3 1 2
github.com/taihen/mcp-ripestat/internal/ripestat/util/util.go:104.2,104.30 1 5
github.com/taihen/mcp-ripestat/internal/ripestat/util/util.go:108.50,109.22 1 4
github.com/taihen/mcp-ripestat/internal/ripestat/util/util.go:109.22,111.3 1 3
github.com/taihen/mcp-ripestat/internal/ripestat/util/util.go:113.2,113.29 1 1
github.com/taihen/mcp-ripestat/internal/ripestat/util/util.go:118.52,121.25 2 6
github.com/taihen/mcp-ripestat/internal/ripestat/util/util.go:121.25,122.14 1 10
github.com/taihen/mcp-ripestat/internal/ripestat/util/util.go:122.14,124.4 1 9
github.com/taihen/mcp-ripestat/internal/ripestat/util/util.go:127.2,127.36 1 6
github.com/taihen/mcp-ripestat/internal/ripestat/util/util.go:131.50,132.13 1 7
github.com/taihen/mcp-ripestat/internal/ripestat/util/util.go:132.13,134.3 1 1
github.com/taihen/mcp-ripestat/internal/ripestat/util/util.go:136.2,140.29 3 6
github.com/taihen/mcp-ripestat/internal/ripestat/util/util.go:140.29,142.20 2 16
github.com/taihen/mcp-ripestat/internal/ripestat/util/util.go:142.20,144.4 1 15
github.com/taihen/mcp-ripestat/internal/ripestat/util/util.go:147.2,147.15 1 6
github.com/taihen/mcp-ripestat/internal/ripestat/util/util.go:151.51,152.17 1 4
github.com/taihen/mcp-ripestat/internal/ripestat/util/util.go:152.17,154.3 1 2
github.com/taihen/mcp-ripestat/internal/ripestat/util/util.go:156.2,157.22 2 2
github.com/taihen/mcp-ripestat/internal/ripestat/util/util.go:157.22,159.3 1 3
github.com/taihen/mcp-ripestat/internal/ripestat/util/util.go:161.2,161.46 1 2
github.com/taihen/mcp-ripestat/internal/ripestat/util/util.go:165.57,166.29 1 4
github.com/taihen/mcp-ripestat/internal/ripestat/util/util.go:166.29,167.16 1 5
github.com/taihen/mcp-ripestat/internal/ripestat/util/util.go:167.16,169.4 1 1
github.com/taihen/mcp-ripestat/internal/ripestat/util/util.go:172.2,172.14 1 3
github.com/taihen/mcp-ripestat/internal/ripestat/util/util.go:176.44,177.22 1 6
github.com/taihen/mcp-ripestat/internal/ripestat/util/util.go:177.22,179.3 1 1
github.com/taihen/mcp-ripestat/internal/ripestat/util/util.go:181.2,181.19 1 5
github.com/taihen/mcp-ripestat/internal/ripestat/util/util.go:181.19,182.19 1 6
github.com/taihen/mcp-ripestat/internal/ripestat/util/util.go:182.19,184.4 1 1
github.com/taihen/mcp-ripestat/internal/ripestat/util/util.go:187.2,187.13 1 4
github.com/taihen/mcp-ripestat/internal/ripestat/util/util.go:191.48,192.21 1 5
github.com/taihen/mcp-ripestat/internal/ripestat/util/util.go:192.21,194.3 1 3
github.com/taihen/mcp-ripestat/internal/ripestat/util/util.go:196.2,199.26 3 2
github.com/taihen/mcp-ripestat/internal/ripestat/util/util.go:199.26,200.28 1 8
github.com/taihen/mcp-ripestat/internal/ripestat/util/util.go:200.28,204.4 2 6
github.com/taihen/mcp-ripestat/internal/ripestat/util/util.go:207.2,207.15 1 2
github.com/taihen/mcp-ripestat/internal/ripestat/whatsmyip/whatsmyip.go:26.42,27.14 1 12
github.com/taihen/mcp-ripestat/internal/ripestat/whatsmyip/whatsmyip.go:27.14,29.3 1 8
github.com/taihen/mcp-ripestat/internal/ripestat/whatsmyip/whatsmyip.go:31.2,31.27 1 12
github.com/taihen/mcp-ripestat/internal/ripestat/whatsmyip/whatsmyip.go:35.30,37.2 1 6
github.com/taihen/mcp-ripestat/internal/ripestat/whatsmyip/whatsmyip.go:40.65,42.76 2 5
github.com/taihen/mcp-ripestat/internal/ripestat/whatsmyip/whatsmyip.go:42.76,44.3 1 1
github.com/taihen/mcp-ripestat/internal/ripestat/whatsmyip/whatsmyip.go:47.2,52.25 2 4
github.com/taihen/mcp-ripestat/internal/ripestat/whatsmyip/whatsmyip.go:57.94,58.20 1 4
github.com/taihen/mcp-ripestat/internal/ripestat/whatsmyip/whatsmyip.go:58.20,60.3 1 1
github.com/taihen/mcp-ripestat/internal/ripestat/whatsmyip/whatsmyip.go:66.2,71.25 2 3
github.com/taihen/mcp-ripestat/internal/ripestat/whatsmyip/whatsmyip.go:75.62,77.2 1 2
github.com/taihen/mcp-ripestat/internal/ripestat/whatsmyip/whatsmyip.go:81.91,83.2 1 2
github.com/taihen/mcp-ripestat/internal/ripestat/whatsmyip/whatsmyip.go:87.46,89.55 1 12
github.com/taihen/mcp-ripestat/internal/ripestat/whatsmyip/whatsmyip.go:89.55,94.26 2 8
github.com/taihen/mcp-ripestat/internal/ripestat/whatsmyip/whatsmyip.go:94.26,96.4 1 17
github.com/taihen/mcp-ripestat/internal/ripestat/whatsmyip/whatsmyip.go:103.3,103.20 1 8
github.com/taihen/mcp-ripestat/internal/ripestat/whatsmyip/whatsmyip.go:103.20,107.27 2 3
github.com/taihen/mcp-ripestat/internal/ripestat/whatsmyip/whatsmyip.go:107.27,109.5 1 2
github.com/taihen/mcp-ripestat/internal/ripestat/whatsmyip/whatsmyip.go:110.9,110.26 1 5
github.com/taihen/mcp-ripestat/internal/ripestat/whatsmyip/whatsmyip.go:110.26,114.26 2 3
github.com/taihen/mcp-ripestat/internal/ripestat/whatsmyip/whatsmyip.go:114.26,116.5 1 2
github.com/taihen/mcp-ripestat/internal/ripestat/whatsmyip/whatsmyip.go:120.3,120.26 1 4
github.com/taihen/mcp-ripestat/internal/ripestat/whatsmyip/whatsmyip.go:120.26,121.21 1 6
github.com/taihen/mcp-ripestat/internal/ripestat/whatsmyip/whatsmyip.go:121.21,123.5 1 3
github.com/taihen/mcp-ripestat/internal/ripestat/whatsmyip/whatsmyip.go:128.2,128.49 1 5
github.com/taihen/mcp-ripestat/internal/ripestat/whatsmyip/whatsmyip.go:128.49,130.21 2 1
github.com/taihen/mcp-ripestat/internal/ripestat/whatsmyip/whatsmyip.go:130.21,132.4 1 1
github.com/taihen/mcp-ripestat/internal/ripestat/whatsmyip/whatsmyip.go:136.2,136.58 1 4
github.com/taihen/mcp-ripestat/internal/ripestat/whatsmyip/whatsmyip.go:136.58,138.22 2 1
github.com/taihen/mcp-ripestat/internal/ripestat/whatsmyip/whatsmyip.go:138.22,140.4 1 1
github.com/taihen/mcp-ripestat/internal/ripestat/whatsmyip/whatsmyip.go:145.2,145.65 1 3
github.com/taihen/mcp-ripestat/internal/ripestat/whatsmyip/whatsmyip.go:145.65,147.3 1 2
github.com/taihen/mcp-ripestat/internal/ripestat/whatsmyip/whatsmyip.go:150.2,150.21 1 1
github.com/taihen/mcp-ripestat/internal/ripestat/whatsmyip/whatsmyip.go:154.32,156.2 1 25
github.com/taihen/mcp-ripestat/internal/ripestat/whois/whois.go:19.36,21.2 1 10
github.com/taihen/mcp-ripestat/internal/ripestat/whois/whois.go:25.79,26.20 1 11
github.com/taihen/mcp-ripestat/internal/ripestat/whois/whois.go:26.20,28.3 1 2
github.com/taihen/mcp-ripestat/internal/ripestat/whois/whois.go:31.2,37.75 5 9
github.com/taihen/mcp-ripestat/internal/ripestat/whois/whois.go:37.75,39.3 1 2
github.com/taihen/mcp-ripestat/internal/ripestat/whois/whois.go:41.2,41.23 1 7
github.com/taihen/mcp-ripestat/internal/ripestat/whois/whois.go:45.30,47.2 1 3
github.com/taihen/mcp-ripestat/internal/ripestat/whois/whois.go:50.72,52.2 1 2
github.com/taihen/mcp-ripestat/internal/ripestat/routinghistory/routinghistory.go:18.36,20.2 1 16
github.com/taihen/mcp-ripestat/internal/ripestat/routinghistory/routinghistory.go:24.79,25.20 1 11
github.com/taihen/mcp-ripestat/internal/ripestat/routinghistory/routinghistory.go:25.20,27.3 1 1
github.com/taihen/mcp-ripestat/internal/ripestat/routinghistory/routinghistory.go:29.2,35.75 5 10
github.com/taihen/mcp-ripestat/internal/ripestat/routinghistory/routinghistory.go:35.75,37.3 1 2
github.com/taihen/mcp-ripestat/internal/ripestat/routinghistory/routinghistory.go:39.2,39.23 1 8
github.com/taihen/mcp-ripestat/internal/ripestat/routinghistory/routinghistory.go:43.126,44.20 1 6
github.com/taihen/mcp-ripestat/internal/ripestat/routinghistory/routinghistory.go:44.20,46.3 1 1
github.com/taihen/mcp-ripestat/internal/ripestat/routinghistory/routinghistory.go:48.2,51.21 3 5
github.com/taihen/mcp-ripestat/internal/ripestat/routinghistory/routinghistory.go:51.21,53.3 1 3
github.com/taihen/mcp-ripestat/internal/ripestat/routinghistory/routinghistory.go:55.2,55.19 1 5
github.com/taihen/mcp-ripestat/internal/ripestat/routinghistory/routinghistory.go:55.19,57.3 1 2
github.com/taihen/mcp-ripestat/internal/ripestat/routinghistory/routinghistory.go:59.2,59.20 1 5
github.com/taihen/mcp-ripestat/internal/ripestat/routinghistory/routinghistory.go:59.20,61.3 1 2
github.com/taihen/mcp-ripestat/internal/ripestat/routinghistory/routinghistory.go:63.2,66.75 3 5
github.com/taihen/mcp-ripestat/internal/ripestat/routinghistory/routinghistory.go:66.75,68.3 1 1
github.com/taihen/mcp-ripestat/internal/ripestat/routinghistory/routinghistory.go:70.2,70.23 1 4
github.com/taihen/mcp-ripestat/internal/ripestat/routinghistory/routinghistory.go:74.30,76.2 1 5
github.com/taihen/mcp-ripestat/internal/ripestat/routinghistory/routinghistory.go:79.81,81.2 1 2
github.com/taihen/mcp-ripestat/internal/ripestat/routinghistory/routinghistory.go:84.128,86.2 1 2
github.com/taihen/mcp-ripestat/internal/mcp/jsonrpc.go:58.77,65.2 1 2
github.com/taihen/mcp-ripestat/internal/mcp/jsonrpc.go:68.64,74.2 1 10
github.com/taihen/mcp-ripestat/internal/mcp/jsonrpc.go:77.93,87.2 1 13
github.com/taihen/mcp-ripestat/internal/mcp/jsonrpc.go:90.71,96.2 1 1
github.com/taihen/mcp-ripestat/internal/mcp/jsonrpc.go:99.43,100.24 1 20
github.com/taihen/mcp-ripestat/internal/mcp/jsonrpc.go:100.24,102.3 1 2
github.com/taihen/mcp-ripestat/internal/mcp/jsonrpc.go:103.2,103.20 1 18
github.com/taihen/mcp-ripestat/internal/mcp/jsonrpc.go:103.20,105.3 1 2
github.com/taihen/mcp-ripestat/internal/mcp/jsonrpc.go:106.2,106.17 1 16
github.com/taihen/mcp-ripestat/internal/mcp/jsonrpc.go:106.17,108.3 1 1
github.com/taihen/mcp-ripestat/internal/mcp/jsonrpc.go:109.2,109.12 1 15
github.com/taihen/mcp-ripestat/internal/mcp/jsonrpc.go:113.41,115.2 1 2
github.com/taihen/mcp-ripestat/internal/mcp/jsonrpc.go:118.53,120.51 2 45
github.com/taihen/mcp-ripestat/internal/mcp/jsonrpc.go:120.51,122.3 1 6
github.com/taihen/mcp-ripestat/internal/mcp/jsonrpc.go:125.2,125.46 1 39
github.com/taihen/mcp-ripestat/internal/mcp/jsonrpc.go:125.46,127.53 2 4
github.com/taihen/mcp-ripestat/internal/mcp/jsonrpc.go:127.53,129.4 1 0
github.com/taihen/mcp-ripestat/internal/mcp/jsonrpc.go:130.3,130.20 1 4
github.com/taihen/mcp-ripestat/internal/mcp/jsonrpc.go:133.2,133.43 1 35
github.com/taihen/mcp-ripestat/internal/mcp/jsonrpc.go:133.43,135.53 2 5
github.com/taihen/mcp-ripestat/internal/mcp/jsonrpc.go:135.53,137.4 1 3
github.com/taihen/mcp-ripestat/internal/mcp/jsonrpc.go:138.3,138.20 1 2
github.com/taihen/mcp-ripestat/internal/mcp/jsonrpc.go:142.2,142.34 1 30
github.com/taihen/mcp-ripestat/internal/mcp/jsonrpc.go:142.34,144.52 2 20
github.com/taihen/mcp-ripestat/internal/mcp/jsonrpc.go:144.52,146.4 1 1
github.com/taihen/mcp-ripestat/internal/mcp/jsonrpc.go:147.3,147.19 1 19
github.com/taihen/mcp-ripestat/internal/mcp/jsonrpc.go:151.2,152.53 2 10
github.com/taihen/mcp-ripestat/internal/mcp/jsonrpc.go:152.53,154.3 1 2
github.com/taihen/mcp-ripestat/internal/mcp/jsonrpc.go:155.2,155.20 1 8
github.com/taihen/mcp-ripestat/internal/mcp/protocol.go:114.81,135.2 1 2
github.com/taihen/mcp-ripestat/internal/mcp/protocol.go:138.87,154.2 1 3
github.com/taihen/mcp-ripestat/internal/mcp/protocol.go:157.41,399.2 2 4
github.com/taihen/mcp-ripestat/internal/mcp/protocol.go:402.71,404.16 2 7
github.com/taihen/mcp-ripestat/internal/mcp/protocol.go:404.16,406.3 1 1
github.com/taihen/mcp-ripestat/internal/mcp/protocol.go:408.2,409.62 2 6
github.com/taihen/mcp-ripestat/internal/mcp/protocol.go:409.62,411.3 1 1
github.com/taihen/mcp-ripestat/internal/mcp/protocol.go:413.2,413.25 1 5
github.com/taihen/mcp-ripestat/internal/mcp/protocol.go:417.62,427.2 1 87
github.com/taihen/mcp-ripestat/internal/mcp/protocol.go:430.61,432.16 2 42
github.com/taihen/mcp-ripestat/internal/mcp/protocol.go:432.16,434.3 1 1
github.com/taihen/mcp-ripestat/internal/mcp/protocol.go:436.2,436.50 1 41
github.com/taihen/mcp-ripestat/internal/mcp/server.go:40.76,42.2 1 5
github.com/taihen/mcp-ripestat/internal/mcp/server.go:45.72,48.2 2 9
github.com/taihen/mcp-ripestat/internal/mcp/server.go:51.75,53.2 1 1
github.com/taihen/mcp-ripestat/internal/mcp/server.go:56.63,59.2 2 2
github.com/taihen/mcp-ripestat/internal/mcp/server.go:70.43,73.41 2 11
github.com/taihen/mcp-ripestat/internal/mcp/server.go:73.41,75.3 1 1
github.com/taihen/mcp-ripestat/internal/mcp/server.go:76.2,76.38 1 10
github.com/taihen/mcp-ripestat/internal/mcp/server.go:80.102,82.9 2 79
github.com/taihen/mcp-ripestat/internal/mcp/server.go:82.9,84.3 1 22
github.com/taihen/mcp-ripestat/internal/mcp/server.go:85.2,85.19 1 57
github.com/taihen/mcp-ripestat/internal/mcp/server.go:89.77,90.41 1 35
github.com/taihen/mcp-ripestat/internal/mcp/server.go:90.41,92.3 1 9
github.com/taihen/mcp-ripestat/internal/mcp/server.go:93.2,93.11 1 26
github.com/taihen/mcp-ripestat/internal/mcp/server.go:97.71,99.9 2 21
github.com/taihen/mcp-ripestat/internal/mcp/server.go:99.9,101.3 1 8
github.com/taihen/mcp-ripestat/internal/mcp/server.go:103.2,104.42 2 13
github.com/taihen/mcp-ripestat/internal/mcp/server.go:104.42,106.3 1 7
github.com/taihen/mcp-ripestat/internal/mcp/server.go:107.2,107.17 1 6
github.com/taihen/mcp-ripestat/internal/mcp/server.go:111.81,113.9 2 11
github.com/taihen/mcp-ripestat/internal/mcp/server.go:113.9,115.3 1 5
github.com/taihen/mcp-ripestat/internal/mcp/server.go:117.2,118.16 2 6
github.com/taihen/mcp-ripestat/internal/mcp/server.go:118.16,120.3 1 4
github.com/taihen/mcp-ripestat/internal/mcp/server.go:121.2,121.27 1 2
github.com/taihen/mcp-ripestat/internal/mcp/server.go:134.81,140.2 1 47
github.com/taihen/mcp-ripestat/internal/mcp/server.go:143.88,147.16 3 24
github.com/taihen/mcp-ripestat/internal/mcp/server.go:147.16,150.3 2 3
github.com/taihen/mcp-ripestat/internal/mcp/server.go:152.2,152.25 1 21
github.com/taihen/mcp-ripestat/internal/mcp/server.go:153.16,154.33 1 16
github.com/taihen/mcp-ripestat/internal/mcp/server.go:155.21,156.38 1 5
github.com/taihen/mcp-ripestat/internal/mcp/server.go:157.10,158.95 1 0
github.com/taihen/mcp-ripestat/internal/mcp/server.go:163.88,164.46 1 16
github.com/taihen/mcp-ripestat/internal/mcp/server.go:164.46,166.3 1 2
github.com/taihen/mcp-ripestat/internal/mcp/server.go:168.2,170.20 2 14
github.com/taihen/mcp-ripestat/internal/mcp/server.go:171.20,172.33 1 4
github.com/taihen/mcp-ripestat/internal/mcp/server.go:173.20,174.47 1 3
github.com/taihen/mcp-ripestat/internal/mcp/server.go:174.47,176.4 1 1
github.com/taihen/mcp-ripestat/internal/mcp/server.go:177.3,177.32 1 2
github.com/taihen/mcp-ripestat/internal/mcp/server.go:178.20,179.47 1 5
github.com/taihen/mcp-ripestat/internal/mcp/server.go:179.47,181.4 1 1
github.com/taihen/mcp-ripestat/internal/mcp/server.go:182.3,182.37 1 4
github.com/taihen/mcp-ripestat/internal/mcp/server.go:183.14,184.27 1 1
github.com/taihen/mcp-ripestat/internal/mcp/server.go:185.10,186.87 1 1
github.com/taihen/mcp-ripestat/internal/mcp/server.go:191.98,194.22 2 5
github.com/taihen/mcp-ripestat/internal/mcp/server.go:195.50,196.36 1 2
github.com/taihen/mcp-ripestat/internal/mcp/server.go:197.33,200.18 2 1
github.com/taihen/mcp-ripestat/internal/mcp/server.go:201.10,203.18 2 2
github.com/taihen/mcp-ripestat/internal/mcp/server.go:208.70,210.23 2 6
github.com/taihen/mcp-ripestat/internal/mcp/server.go:210.23,212.17 2 5
github.com/taihen/mcp-ripestat/internal/mcp/server.go:212.17,214.4 1 1
github.com/taihen/mcp-ripestat/internal/mcp/server.go:215.3,215.59 1 4
github.com/taihen/mcp-ripestat/internal/mcp/server.go:215.59,217.4 1 1
github.com/taihen/mcp-ripestat/internal/mcp/server.go:221.2,231.20 3 4
github.com/taihen/mcp-ripestat/internal/mcp/server.go:231.20,238.3 5 3
github.com/taihen/mcp-ripestat/internal/mcp/server.go:241.2,241.47 1 1
github.com/taihen/mcp-ripestat/internal/mcp/server.go:241.47,243.3 1 1
github.com/taihen/mcp-ripestat/internal/mcp/server.go:245.2,246.41 2 1
github.com/taihen/mcp-ripestat/internal/mcp/server.go:250.74,255.2 4 2
github.com/taihen/mcp-ripestat/internal/mcp/server.go:258.64,261.2 2 1
github.com/taihen/mcp-ripestat/internal/mcp/server.go:264.69,270.24 3 2
github.com/taihen/mcp-ripestat/internal/mcp/server.go:270.24,272.40 2 1
github.com/taihen/mcp-ripestat/internal/mcp/server.go:272.40,273.35 1 15
github.com/taihen/mcp-ripestat/internal/mcp/server.go:273.35,275.5 1 14
github.com/taihen/mcp-ripestat/internal/mcp/server.go:277.3,277.26 1 1
github.com/taihen/mcp-ripestat/internal/mcp/server.go:280.2,280.44 1 2
github.com/taihen/mcp-ripestat/internal/mcp/server.go:284.90,288.16 3 4
github.com/taihen/mcp-ripestat/internal/mcp/server.go:288.16,290.3 1 1
github.com/taihen/mcp-ripestat/internal/mcp/server.go:292.2,293.16 2 3
github.com/taihen/mcp-ripestat/internal/mcp/server.go:293.16,296.3 2 1
github.com/taihen/mcp-ripestat/internal/mcp/server.go:298.2,298.41 1 2
github.com/taihen/mcp-ripestat/internal/mcp/server.go:302.100,307.29 3 84
github.com/taihen/mcp-ripestat/internal/mcp/server.go:307.29,309.17 2 84
github.com/taihen/mcp-ripestat/internal/mcp/server.go:309.17,311.4 1 1
github.com/taihen/mcp-ripestat/internal/mcp/server.go:312.3,312.57 1 83
github.com/taihen/mcp-ripestat/internal/mcp/server.go:312.57,314.4 1 1
github.com/taihen/mcp-ripestat/internal/mcp/server.go:317.2,317.21 1 82
github.com/taihen/mcp-ripestat/internal/mcp/server.go:318.24,319.38 1 3
github.com/taihen/mcp-ripestat/internal/mcp/server.go:320.23,321.37 1 4
github.com/taihen/mcp-ripestat/internal/mcp/server.go:322.30,323.44 1 3
github.com/taihen/mcp-ripestat/internal/mcp/server.go:324.26,325.40 1 3
github.com/taihen/mcp-ripestat/internal/mcp/server.go:326.27,327.41 1 10
github.com/taihen/mcp-ripestat/internal/mcp/server.go:328.18,329.32 1 3
github.com/taihen/mcp-ripestat/internal/mcp/server.go:330.31,331.45 1 3
github.com/taihen/mcp-ripestat/internal/mcp/server.go:332.27,333.41 1 9
github.com/taihen/mcp-ripestat/internal/mcp/server.go:334.24,335.38 1 3
github.com/taihen/mcp-ripestat/internal/mcp/server.go:336.26,337.40 1 13
github.com/taihen/mcp-ripestat/internal/mcp/server.go:338.25,339.39 1 9
github.com/taihen/mcp-ripestat/internal/mcp/server.go:340.24,341.38 1 5
github.com/taihen/mcp-ripestat/internal/mcp/server.go:342.19,343.33 1 3
github.com/taihen/mcp-ripestat/internal/mcp/server.go:344.37,345.51 1 0
github.com/taihen/mcp-ripestat/internal/mcp/server.go:346.22,347.25 1 9
github.com/taihen/mcp-ripestat/internal/mcp/server.go:347.25,349.4 1 2
github.com/taihen/mcp-ripestat/internal/mcp/server.go:350.3,350.36 1 7
github.com/taihen/mcp-ripestat/internal/mcp/server.go:351.10,352.58 1 2
github.com/taihen/mcp-ripestat/internal/mcp/server.go:358.105,360.22 2 3
github.com/taihen/mcp-ripestat/internal/mcp/server.go:360.22,362.3 1 1
github.com/taihen/mcp-ripestat/internal/mcp/server.go:364.2,365.16 2 2
github.com/taihen/mcp-ripestat/internal/mcp/server.go:365.16,367.3 1 1
github.com/taihen/mcp-ripestat/internal/mcp/server.go:369.2,369.46 1 1
github.com/taihen/mcp-ripestat/internal/mcp/server.go:372.104,374.22 2 4
github.com/taihen/mcp-ripestat/internal/mcp/server.go:374.22,376.3 1 1
github.com/taihen/mcp-ripestat/internal/mcp/server.go:378.2,379.16 2 3
github.com/taihen/mcp-ripestat/internal/mcp/server.go:379.16,381.3 1 0
github.com/taihen/mcp-ripestat/internal/mcp/server.go:383.2,383.46 1 3
github.com/taihen/mcp-ripestat/internal/mcp/server.go:386.111,388.22 2 3
github.com/taihen/mcp-ripestat/internal/mcp/server.go:388.22,390.3 1 1
github.com/taihen/mcp-ripestat/internal/mcp/server.go:392.2,393.16 2 2
github.com/taihen/mcp-ripestat/internal/mcp/server.go:393.16,395.3 1 0
github.com/taihen/mcp-ripestat/internal/mcp/server.go:397.2,397.46 1 2
github.com/taihen/mcp-ripestat/internal/mcp/server.go:400.107,402.22 2 3
github.com/taihen/mcp-ripestat/internal/mcp/server.go:402.22,404.3 1 1
github.com/taihen/mcp-ripestat/internal/mcp/server.go:406.2,407.16 2 2
github.com/taihen/mcp-ripestat/internal/mcp/server.go:407.16,409.3 1 1
github.com/taihen/mcp-ripestat/internal/mcp/server.go:411.2,411.46 1 1
github.com/taihen/mcp-ripestat/internal/mcp/server.go:414.108,416.22 2 10
github.com/taihen/mcp-ripestat/internal/mcp/server.go:416.22,418.3 1 2
github.com/taihen/mcp-ripestat/internal/mcp/server.go:421.2,425.87 4 8
github.com/taihen/mcp-ripestat/internal/mcp/server.go:425.87,428.17 3 4
github.com/taihen/mcp-ripestat/internal/mcp/server.go:428.17,430.4 1 1
github.com/taihen/mcp-ripestat/internal/mcp/server.go:431.3,431.21 1 3
github.com/taihen/mcp-ripestat/internal/mcp/server.go:431.21,433.4 1 1
github.com/taihen/mcp-ripestat/internal/mcp/server.go:437.2,437.56 1 6
github.com/taihen/mcp-ripestat/internal/mcp/server.go:437.56,439.17 2 3
github.com/taihen/mcp-ripestat/internal/mcp/server.go:439.17,441.4 1 0
github.com/taihen/mcp-ripestat/internal/mcp/server.go:442.3,442.47 1 3
github.com/taihen/mcp-ripestat/internal/mcp/server.go:446.2,447.16 2 3
github.com/taihen/mcp-ripestat/internal/mcp/server.go:447.16,449.3 1 0
github.com/taihen/mcp-ripestat/internal/mcp/server.go:451.2,451.46 1 3
github.com/taihen/mcp-ripestat/internal/mcp/server.go:454.99,456.22 2 3
github.com/taihen/mcp-ripestat/internal/mcp/server.go:456.22,458.3 1 1
github.com/taihen/mcp-ripestat/internal/mcp/server.go:460.2,461.16 2 2
github.com/taihen/mcp-ripestat/internal/mcp/server.go:461.16,463.3 1 0
github.com/taihen/mcp-ripestat/internal/mcp/server.go:465.2,465.46 1 2
github.com/taihen/mcp-ripestat/internal/mcp/server.go:468.112,470.22 2 3
github.com/taihen/mcp-ripestat/internal/mcp/server.go:470.22,472.3 1 1
github.com/taihen/mcp-ripestat/internal/mcp/server.go:474.2,475.16 2 2
github.com/taihen/mcp-ripestat/internal/mcp/server.go:475.16,477.3 1 1
github.com/taihen/mcp-ripestat/internal/mcp/server.go:479.2,479.46 1 1
github.com/taihen/mcp-ripestat/internal/mcp/server.go:482.108,484.22 2 9
github.com/taihen/mcp-ripestat/internal/mcp/server.go:484.22,486.3 1 4
github.com/taihen/mcp-ripestat/internal/mcp/server.go:488.2,489.22 2 5
github.com/taihen/mcp-ripestat/internal/mcp/server.go:489.22,491.3 1 3
github.com/taihen/mcp-ripestat/internal/mcp/server.go:493.2,494.16 2 2
github.com/taihen/mcp-ripestat/internal/mcp/server.go:494.16,496.3 1 2
github.com/taihen/mcp-ripestat/internal/mcp/server.go:498.2,498.46 1 0
github.com/taihen/mcp-ripestat/internal/mcp/server.go:501.105,503.22 2 3
github.com/taihen/mcp-ripestat/internal/mcp/server.go:503.22,505.3 1 1
github.com/taihen/mcp-ripestat/internal/mcp/server.go:507.2,508.16 2 2
github.com/taihen/mcp-ripestat/internal/mcp/server.go:508.16,510.3 1 1
github.com/taihen/mcp-ripestat/internal/mcp/server.go:512.2,512.46 1 1
github.com/taihen/mcp-ripestat/internal/mcp/server.go:515.107,517.22 2 13
github.com/taihen/mcp-ripestat/internal/mcp/server.go:517.22,519.3 1 1
github.com/taihen/mcp-ripestat/internal/mcp/server.go:521.2,522.22 2 12
github.com/taihen/mcp-ripestat/internal/mcp/server.go:522.22,524.3 1 4
github.com/taihen/mcp-ripestat/internal/mcp/server.go:526.2,529.16 3 8
github.com/taihen/mcp-ripestat/internal/mcp/server.go:529.16,531.3 1 0
github.com/taihen/mcp-ripestat/internal/mcp/server.go:533.2,533.46 1 8
github.com/taihen/mcp-ripestat/internal/mcp/server.go:536.106,538.22 2 9
github.com/taihen/mcp-ripestat/internal/mcp/server.go:538.22,540.3 1 1
github.com/taihen/mcp-ripestat/internal/mcp/server.go:542.2,543.22 2 8
github.com/taihen/mcp-ripestat/internal/mcp/server.go:543.22,545.3 1 3
github.com/taihen/mcp-ripestat/internal/mcp/server.go:547.2,548.16 2 5
github.com/taihen/mcp-ripestat/internal/mcp/server.go:548.16,550.3 1 1
github.com/taihen/mcp-ripestat/internal/mcp/server.go:552.2,552.46 1 4
github.com/taihen/mcp-ripestat/internal/mcp/server.go:555.105,557.22 2 5
github.com/taihen/mcp-ripestat/internal/mcp/server.go:557.22,559.3 1 1
github.com/taihen/mcp-ripestat/internal/mcp/server.go:561.2,562.22 2 4
github.com/taihen/mcp-ripestat/internal/mcp/server.go:562.22,564.3 1 1
github.com/taihen/mcp-ripestat/internal/mcp/server.go:566.2,568.16 3 3
github.com/taihen/mcp-ripestat/internal/mcp/server.go:568.16,570.3 1 0
github.com/taihen/mcp-ripestat/internal/mcp/server.go:572.2,572.46 1 3
github.com/taihen/mcp-ripestat/internal/mcp/server.go:575.100,577.22 2 3
github.com/taihen/mcp-ripestat/internal/mcp/server.go:577.22,579.3 1 1
github.com/taihen/mcp-ripestat/internal/mcp/server.go:581.2,582.16 2 2
github.com/taihen/mcp-ripestat/internal/mcp/server.go:582.16,584.3 1 1
github.com/taihen/mcp-ripestat/internal/mcp/server.go:586.2,586.46 1 1
github.com/taihen/mcp-ripestat/internal/mcp/server.go:589.118,591.22 2 0
github.com/taihen/mcp-ripestat/internal/mcp/server.go:591.22,593.3 1 0
github.com/taihen/mcp-ripestat/internal/mcp/server.go:595.2,596.16 2 0
github.com/taihen/mcp-ripestat/internal/mcp/server.go:596.16,598.3 1 0
github.com/taihen/mcp-ripestat/internal/mcp/server.go:600.2,600.46 1 0
github.com/taihen/mcp-ripestat/internal/mcp/server.go:603.100,605.52 1 7
github.com/taihen/mcp-ripestat/internal/mcp/server.go:605.52,612.17 4 4
github.com/taihen/mcp-ripestat/internal/mcp/server.go:612.17,614.4 1 0
github.com/taihen/mcp-ripestat/internal/mcp/server.go:615.3,615.47 1 4
github.com/taihen/mcp-ripestat/internal/mcp/server.go:619.2,620.16 2 3
github.com/taihen/mcp-ripestat/internal/mcp/server.go:620.16,622.3 1 0
github.com/taihen/mcp-ripestat/internal/mcp/server.go:624.2,624.46 1 3
github.com/taihen/mcp-ripestat/internal/mcp/server.go:628.72,630.18 2 7
github.com/taihen/mcp-ripestat/internal/mcp/server.go:630.18,632.3 1 1
github.com/taihen/mcp-ripestat/internal/mcp/server.go:634.2,640.22 2 6
github.com/taihen/mcp-ripestat/internal/mcp/server.go:640.22,642.3 1 3
github.com/taihen/mcp-ripestat/internal/mcp/server.go:645.2,645.55 1 6
github.com/taihen/mcp-ripestat/internal/mcp/server.go:645.55,647.68 2 3
github.com/taihen/mcp-ripestat/internal/mcp/server.go:647.68,649.4 1 1
github.com/taihen/mcp-ripestat/internal/mcp/server.go:650.3,650.26 1 2
github.com/taihen/mcp-ripestat/internal/mcp/server.go:651.8,654.34 2 3
github.com/taihen/mcp-ripestat/internal/mcp/server.go:654.34,655.57 1 7
github.com/taihen/mcp-ripestat/internal/mcp/server.go:655.57,656.13 1 4
github.com/taihen/mcp-ripestat/internal/mcp/server.go:658.4,658.23 1 3
github.com/taihen/mcp-ripestat/internal/mcp/server.go:658.23,660.5 1 3
github.com/taihen/mcp-ripestat/internal/mcp/server.go:662.3,662.22 1 3
github.com/taihen/mcp-ripestat/internal/mcp/server.go:662.22,664.4 1 3
github.com/taihen/mcp-ripestat/internal/mcp/server.go:667.2,667.30 1 5
github.com/taihen/mcp-ripestat/internal/ripestat/rpkihistory/rpkihistory.go:25.42,26.14 1 15
github.com/taihen/mcp-ripestat/internal/ripestat/rpkihistory/rpkihistory.go:26.14,28.3 1 7
github.com/taihen/mcp-ripestat/internal/ripestat/rpkihistory/rpkihistory.go:29.2,29.27 1 15
github.com/taihen/mcp-ripestat/internal/ripestat/rpkihistory/rpkihistory.go:33.30,35.2 1 6
github.com/taihen/mcp-ripestat/internal/ripestat/rpkihistory/rpkihistory.go:38.79,39.20 1 12
github.com/taihen/mcp-ripestat/internal/ripestat/rpkihistory/rpkihistory.go:39.20,41.3 1 2
github.com/taihen/mcp-ripestat/internal/ripestat/rpkihistory/rpkihistory.go:43.2,47.79 4 10
github.com/taihen/mcp-ripestat/internal/ripestat/rpkihistory/rpkihistory.go:47.79,49.3 1 6
github.com/taihen/mcp-ripestat/internal/ripestat/rpkihistory/rpkihistory.go:51.2,51.23 1 4
github.com/taihen/mcp-ripestat/internal/ripestat/rpkihistory/rpkihistory.go:55.78,57.2 1 5
github.com/taihen/mcp-ripestat/internal/ripestat/client/client.go:48.55,49.19 1 22
github.com/taihen/mcp-ripestat/internal/ripestat/client/client.go:49.19,51.3 1 1
github.com/taihen/mcp-ripestat/internal/ripestat/client/client.go:53.2,53.23 1 22
github.com/taihen/mcp-ripestat/internal/ripestat/client/client.go:53.23,55.3 1 20
github.com/taihen/mcp-ripestat/internal/ripestat/client/client.go:57.2,69.3 1 22
github.com/taihen/mcp-ripestat/internal/ripestat/client/client.go:73.69,74.16 1 4
github.com/taihen/mcp-ripestat/internal/ripestat/client/client.go:74.16,76.3 1 1
github.com/taihen/mcp-ripestat/internal/ripestat/client/client.go:78.2,78.23 1 4
github.com/taihen/mcp-ripestat/internal/ripestat/client/client.go:78.23,80.3 1 3
github.com/taihen/mcp-ripestat/internal/ripestat/client/client.go:82.2,94.3 1 4
github.com/taihen/mcp-ripestat/internal/ripestat/client/client.go:98.30,100.2 1 1
github.com/taihen/mcp-ripestat/internal/ripestat/client/client.go:103.103,105.16 2 29
github.com/taihen/mcp-ripestat/internal/ripestat/client/client.go:105.16,108.3 2 4
github.com/taihen/mcp-ripestat/internal/ripestat/client/client.go:110.2,110.19 1 25
github.com/taihen/mcp-ripestat/internal/ripestat/client/client.go:110.19,112.3 1 1
github.com/taihen/mcp-ripestat/internal/ripestat/client/client.go:115.2,115.23 1 25
github.com/taihen/mcp-ripestat/internal/ripestat/client/client.go:115.23,117.3 1 25
github.com/taihen/mcp-ripestat/internal/ripestat/client/client.go:119.2,124.16 4 25
github.com/taihen/mcp-ripestat/internal/ripestat/client/client.go:124.16,127.3 2 0
github.com/taihen/mcp-ripestat/internal/ripestat/client/client.go:130.2,130.23 1 25
github.com/taihen/mcp-ripestat/internal/ripestat/client/client.go:130.23,132.3 1 24
github.com/taihen/mcp-ripestat/internal/ripestat/client/client.go:135.2,139.16 4 25
github.com/taihen/mcp-ripestat/internal/ripestat/client/client.go:139.16,142.3 2 4
github.com/taihen/mcp-ripestat/internal/ripestat/client/client.go:145.2,145.31 1 21
github.com/taihen/mcp-ripestat/internal/ripestat/client/client.go:145.31,147.3 1 1
github.com/taihen/mcp-ripestat/internal/ripestat/client/client.go:149.2,151.18 2 21
github.com/taihen/mcp-ripestat/internal/ripestat/client/client.go:155.109,160.20 3 17
github.com/taihen/mcp-ripestat/internal/ripestat/client/client.go:160.20,161.65 1 17
github.com/taihen/mcp-ripestat/internal/ripestat/client/client.go:161.65,166.56 3 1
github.com/taihen/mcp-ripestat/internal/ripestat/client/client.go:166.56,169.5 1 0
github.com/taihen/mcp-ripestat/internal/ripestat/client/client.go:169.10,172.5 2 1
github.com/taihen/mcp-ripestat/internal/ripestat/client/client.go:176.2,179.9 2 16
github.com/taihen/mcp-ripestat/internal/ripestat/client/client.go:180.33,182.16 2 16
github.com/taihen/mcp-ripestat/internal/ripestat/client/client.go:182.16,182.33 1 16
github.com/taihen/mcp-ripestat/internal/ripestat/client/client.go:183.20,185.19 2 0
github.com/taihen/mcp-ripestat/internal/ripestat/client/client.go:188.2,192.15 3 16
github.com/taihen/mcp-ripestat/internal/ripestat/client/client.go:192.15,194.3 1 16
github.com/taihen/mcp-ripestat/internal/ripestat/client/client.go:196.2,197.16 2 16
github.com/taihen/mcp-ripestat/internal/ripestat/client/client.go:197.16,200.3 2 1
github.com/taihen/mcp-ripestat/internal/ripestat/client/client.go:202.2,202.15 1 15
github.com/taihen/mcp-ripestat/internal/ripestat/client/client.go:202.15,204.3 1 15
github.com/taihen/mcp-ripestat/internal/ripestat/client/client.go:206.2,209.38 3 15
github.com/taihen/mcp-ripestat/internal/ripestat/client/client.go:209.38,212.3 2 1
github.com/taihen/mcp-ripestat/internal/ripestat/client/client.go:214.2,214.66 1 14
github.com/taihen/mcp-ripestat/internal/ripestat/client/client.go:214.66,217.3 2 1
github.com/taihen/mcp-ripestat/internal/ripestat/client/client.go:220.2,220.20 1 13
github.com/taihen/mcp-ripestat/internal/ripestat/client/client.go:220.20,223.3 2 13
github.com/taihen/mcp-ripestat/internal/ripestat/client/client.go:225.2,227.12 2 13
github.com/taihen/mcp-ripestat/internal/ripestat/client/client.go:231.50,233.51 1 17
github.com/taihen/mcp-ripestat/internal/ripestat/client/client.go:233.51,235.3 1 2
github.com/taihen/mcp-ripestat/internal/ripestat/client/client.go:238.2,238.17 1 15
github.com/taihen/mcp-ripestat/internal/ripestat/client/client.go:242.54,244.16 2 2
github.com/taihen/mcp-ripestat/internal/ripestat/client/client.go:244.16,246.3 1 0
github.com/taihen/mcp-ripestat/internal/ripestat/client/client.go:248.2,248.53 1 2
github.com/taihen/mcp-ripestat/internal/ripestat/client/client.go:248.53,250.3 1 0
github.com/taihen/mcp-ripestat/internal/ripestat/client/client.go:252.2,252.12 1 2
